[2025-04-22 06:45:12] [INFO] [68073af809bd8] [GET /api/test] [::1] [anonymous] PHP Backend Logger initialized {"logLevel":"INFO","logFile":"\/home\/antinomy\/projects\/SAAS\/AI-Tutor\/php-backend\/includes\/..\/..\/logs\/php-backend.log"}
[2025-04-22 06:45:12] [INFO] [68073af809c92] [GET /api/test] [::1] [anonymous] API Request received {"method":"GET","uri":"\/api\/test","ip":"::1","userAgent":"Bun\/1.2.10"}
[2025-04-22 06:45:23] [INFO] [68073b0345f86] [GET /api/health] [::1] [anonymous] PHP Backend Logger initialized {"logLevel":"INFO","logFile":"\/home\/antinomy\/projects\/SAAS\/AI-Tutor\/php-backend\/includes\/..\/..\/logs\/php-backend.log"}
[2025-04-22 06:45:23] [INFO] [68073b0345fcd] [GET /api/health] [::1] [anonymous] API Request received {"method":"GET","uri":"\/api\/health","ip":"::1","userAgent":"Mozilla\/5.0 (X11; Linux x86_64; rv:137.0) Gecko\/20100101 Firefox\/137.0"}
[2025-04-22 06:45:23] [INFO] [68073b0346b74] [GET /api/health] [::1] [anonymous] Database connection pool initialized {"maxConnections":10,"idleTimeout":60}
[2025-04-22 06:45:23] [ERROR] [68073b0346be8] [GET /api/health] [::1] [anonymous] Failed to create database connection: could not find driver
[2025-04-22 06:45:23] [ERROR] [68073b0346c21] [GET /api/health] [::1] [anonymous] Health check - Database connection error: Database connection failed: could not find driver
[2025-04-22 06:45:23] [INFO] [68073b0350a54] [GET /favicon.ico] [::1] [anonymous] PHP Backend Logger initialized {"logLevel":"INFO","logFile":"\/home\/antinomy\/projects\/SAAS\/AI-Tutor\/php-backend\/includes\/..\/..\/logs\/php-backend.log"}
[2025-04-22 06:45:23] [INFO] [68073b0350a9f] [GET /favicon.ico] [::1] [anonymous] API Request received {"method":"GET","uri":"\/favicon.ico","ip":"::1","userAgent":"Mozilla\/5.0 (X11; Linux x86_64; rv:137.0) Gecko\/20100101 Firefox\/137.0"}
[2025-04-22 06:49:20] [INFO] [68073bf0de529] [GET /api/test] [::1] [anonymous] PHP Backend Logger initialized {"logLevel":"INFO","logFile":"\/home\/antinomy\/projects\/SAAS\/AI-Tutor\/php-backend\/includes\/..\/..\/logs\/php-backend.log"}
[2025-04-22 06:49:20] [INFO] [68073bf0de8cd] [GET /api/test] [::1] [anonymous] API Request received {"method":"GET","uri":"\/api\/test","ip":"::1","userAgent":"Bun\/1.2.10"}
[2025-04-22 06:49:20] [INFO] [68073bf0e1c9e] [GET /api/health] [::1] [anonymous] PHP Backend Logger initialized {"logLevel":"INFO","logFile":"\/home\/antinomy\/projects\/SAAS\/AI-Tutor\/php-backend\/includes\/..\/..\/logs\/php-backend.log"}
[2025-04-22 06:49:20] [INFO] [68073bf0e1d44] [GET /api/health] [::1] [anonymous] API Request received {"method":"GET","uri":"\/api\/health","ip":"::1","userAgent":"curl\/8.13.0"}
[2025-04-22 06:49:20] [ERROR] [68073bf0e1eb4] [GET /api/health] [::1] [anonymous] Health check - Database connection error: PostgreSQL driver not available. Available drivers: mysql {"availableDrivers":["mysql"],"databaseUrl":"not set"}
[2025-04-22 06:49:20] [INFO] [68073bf0e3f8d] [GET /api/health?fallback=1] [::1] [anonymous] PHP Backend Logger initialized {"logLevel":"INFO","logFile":"\/home\/antinomy\/projects\/SAAS\/AI-Tutor\/php-backend\/includes\/..\/..\/logs\/php-backend.log"}
[2025-04-22 06:49:20] [INFO] [68073bf0e407b] [GET /api/health?fallback=1] [::1] [anonymous] API Request received {"method":"GET","uri":"\/api\/health?fallback=1","ip":"::1","userAgent":"curl\/8.13.0"}
[2025-04-22 06:49:20] [ERROR] [68073bf0e4284] [GET /api/health?fallback=1] [::1] [anonymous] Health check - Database connection error: PostgreSQL driver not available. Available drivers: mysql {"availableDrivers":["mysql"],"databaseUrl":"not set"}
[2025-04-22 06:49:20] [INFO] [68073bf0e5faa] [GET /api/notes?lessonId=invalid-id] [::1] [anonymous] PHP Backend Logger initialized {"logLevel":"INFO","logFile":"\/home\/antinomy\/projects\/SAAS\/AI-Tutor\/php-backend\/includes\/..\/..\/logs\/php-backend.log"}
[2025-04-22 06:49:20] [INFO] [68073bf0e6069] [GET /api/notes?lessonId=invalid-id] [::1] [anonymous] API Request received {"method":"GET","uri":"\/api\/notes?lessonId=invalid-id","ip":"::1","userAgent":"curl\/8.13.0"}
[2025-04-22 06:49:20] [INFO] [68073bf0e870f] [GET /api/notes] [::1] [anonymous] PHP Backend Logger initialized {"logLevel":"INFO","logFile":"\/home\/antinomy\/projects\/SAAS\/AI-Tutor\/php-backend\/includes\/..\/..\/logs\/php-backend.log"}
[2025-04-22 06:49:20] [INFO] [68073bf0e881e] [GET /api/notes] [::1] [anonymous] API Request received {"method":"GET","uri":"\/api\/notes","ip":"::1","userAgent":"curl\/8.13.0"}
[2025-04-22 06:49:21] [INFO] [68073bf17765e] [GET /api/notes?test=1] [::1] [anonymous] PHP Backend Logger initialized {"logLevel":"INFO","logFile":"\/home\/antinomy\/projects\/SAAS\/AI-Tutor\/php-backend\/includes\/..\/..\/logs\/php-backend.log"}
[2025-04-22 06:49:21] [INFO] [68073bf17775e] [GET /api/notes?test=1] [::1] [anonymous] API Request received {"method":"GET","uri":"\/api\/notes?test=1","ip":"::1","userAgent":"curl\/8.13.0"}
[2025-04-22 06:49:21] [INFO] [68073bf179763] [GET /api/bookmarks?test=1] [::1] [anonymous] PHP Backend Logger initialized {"logLevel":"INFO","logFile":"\/home\/antinomy\/projects\/SAAS\/AI-Tutor\/php-backend\/includes\/..\/..\/logs\/php-backend.log"}
[2025-04-22 06:49:21] [INFO] [68073bf179856] [GET /api/bookmarks?test=1] [::1] [anonymous] API Request received {"method":"GET","uri":"\/api\/bookmarks?test=1","ip":"::1","userAgent":"curl\/8.13.0"}
[2025-04-22 06:49:21] [INFO] [68073bf17b8ae] [GET /api/user-progress?test=1] [::1] [anonymous] PHP Backend Logger initialized {"logLevel":"INFO","logFile":"\/home\/antinomy\/projects\/SAAS\/AI-Tutor\/php-backend\/includes\/..\/..\/logs\/php-backend.log"}
[2025-04-22 06:49:21] [INFO] [68073bf17b99f] [GET /api/user-progress?test=1] [::1] [anonymous] API Request received {"method":"GET","uri":"\/api\/user-progress?test=1","ip":"::1","userAgent":"curl\/8.13.0"}
[2025-04-22 06:49:21] [INFO] [68073bf17d95e] [GET /api/knowledge-test?test=1] [::1] [anonymous] PHP Backend Logger initialized {"logLevel":"INFO","logFile":"\/home\/antinomy\/projects\/SAAS\/AI-Tutor\/php-backend\/includes\/..\/..\/logs\/php-backend.log"}
[2025-04-22 06:49:21] [INFO] [68073bf17da58] [GET /api/knowledge-test?test=1] [::1] [anonymous] API Request received {"method":"GET","uri":"\/api\/knowledge-test?test=1","ip":"::1","userAgent":"curl\/8.13.0"}
[2025-04-22 06:49:21] [INFO] [68073bf17faff] [GET /api/notes?lessonId=lesson-1&fallback=1] [::1] [anonymous] PHP Backend Logger initialized {"logLevel":"INFO","logFile":"\/home\/antinomy\/projects\/SAAS\/AI-Tutor\/php-backend\/includes\/..\/..\/logs\/php-backend.log"}
[2025-04-22 06:49:21] [INFO] [68073bf17fbf7] [GET /api/notes?lessonId=lesson-1&fallback=1] [::1] [anonymous] API Request received {"method":"GET","uri":"\/api\/notes?lessonId=lesson-1&fallback=1","ip":"::1","userAgent":"curl\/8.13.0"}
[2025-04-22 06:49:21] [INFO] [68073bf181d9b] [GET /api/bookmarks?lessonId=lesson-1&fallback=1] [::1] [anonymous] PHP Backend Logger initialized {"logLevel":"INFO","logFile":"\/home\/antinomy\/projects\/SAAS\/AI-Tutor\/php-backend\/includes\/..\/..\/logs\/php-backend.log"}
[2025-04-22 06:49:21] [INFO] [68073bf181e9a] [GET /api/bookmarks?lessonId=lesson-1&fallback=1] [::1] [anonymous] API Request received {"method":"GET","uri":"\/api\/bookmarks?lessonId=lesson-1&fallback=1","ip":"::1","userAgent":"curl\/8.13.0"}
[2025-04-22 06:56:30] [INFO] [68073d9ee0845] [GET /api/test] [::1] [anonymous] PHP Backend Logger initialized {"logLevel":"INFO","logFile":"\/home\/antinomy\/projects\/SAAS\/AI-Tutor\/php-backend\/includes\/..\/..\/logs\/php-backend.log"}
[2025-04-22 06:56:30] [INFO] [68073d9ee0c89] [GET /api/test] [::1] [anonymous] API Request received {"method":"GET","uri":"\/api\/test","ip":"::1","userAgent":"Bun\/1.2.10"}
[2025-04-22 06:56:30] [INFO] [68073d9ee3d50] [GET /api/health] [::1] [anonymous] PHP Backend Logger initialized {"logLevel":"INFO","logFile":"\/home\/antinomy\/projects\/SAAS\/AI-Tutor\/php-backend\/includes\/..\/..\/logs\/php-backend.log"}
[2025-04-22 06:56:30] [INFO] [68073d9ee3e5a] [GET /api/health] [::1] [anonymous] API Request received {"method":"GET","uri":"\/api\/health","ip":"::1","userAgent":"curl\/8.13.0"}
[2025-04-22 06:56:30] [ERROR] [68073d9ee4402] [GET /api/health] [::1] [anonymous] Health check - Database connection error: PostgreSQL driver not available. Available drivers: mysql {"availableDrivers":["mysql"],"databaseUrl":"not set"}
[2025-04-22 06:56:30] [INFO] [68073d9ee5f91] [GET /api/health?fallback=1] [::1] [anonymous] PHP Backend Logger initialized {"logLevel":"INFO","logFile":"\/home\/antinomy\/projects\/SAAS\/AI-Tutor\/php-backend\/includes\/..\/..\/logs\/php-backend.log"}
[2025-04-22 06:56:30] [INFO] [68073d9ee60b4] [GET /api/health?fallback=1] [::1] [anonymous] API Request received {"method":"GET","uri":"\/api\/health?fallback=1","ip":"::1","userAgent":"curl\/8.13.0"}
[2025-04-22 06:56:30] [ERROR] [68073d9ee6299] [GET /api/health?fallback=1] [::1] [anonymous] Health check - Database connection error: PostgreSQL driver not available. Available drivers: mysql {"availableDrivers":["mysql"],"databaseUrl":"not set"}
[2025-04-22 06:56:30] [INFO] [68073d9ee82fc] [GET /api/notes?lessonId=invalid-id] [::1] [anonymous] PHP Backend Logger initialized {"logLevel":"INFO","logFile":"\/home\/antinomy\/projects\/SAAS\/AI-Tutor\/php-backend\/includes\/..\/..\/logs\/php-backend.log"}
[2025-04-22 06:56:30] [INFO] [68073d9ee83d6] [GET /api/notes?lessonId=invalid-id] [::1] [anonymous] API Request received {"method":"GET","uri":"\/api\/notes?lessonId=invalid-id","ip":"::1","userAgent":"curl\/8.13.0"}
[2025-04-22 06:56:30] [INFO] [68073d9eea1e5] [GET /api/notes] [::1] [anonymous] PHP Backend Logger initialized {"logLevel":"INFO","logFile":"\/home\/antinomy\/projects\/SAAS\/AI-Tutor\/php-backend\/includes\/..\/..\/logs\/php-backend.log"}
[2025-04-22 06:56:30] [INFO] [68073d9eea287] [GET /api/notes] [::1] [anonymous] API Request received {"method":"GET","uri":"\/api\/notes","ip":"::1","userAgent":"curl\/8.13.0"}
[2025-04-22 06:56:31] [INFO] [68073d9f0d3fc] [GET /api/notes?test=1] [::1] [anonymous] PHP Backend Logger initialized {"logLevel":"INFO","logFile":"\/home\/antinomy\/projects\/SAAS\/AI-Tutor\/php-backend\/includes\/..\/..\/logs\/php-backend.log"}
[2025-04-22 06:56:31] [INFO] [68073d9f0d4ca] [GET /api/notes?test=1] [::1] [anonymous] API Request received {"method":"GET","uri":"\/api\/notes?test=1","ip":"::1","userAgent":"curl\/8.13.0"}
[2025-04-22 06:56:31] [INFO] [68073d9f0f35e] [GET /api/bookmarks?test=1] [::1] [anonymous] PHP Backend Logger initialized {"logLevel":"INFO","logFile":"\/home\/antinomy\/projects\/SAAS\/AI-Tutor\/php-backend\/includes\/..\/..\/logs\/php-backend.log"}
[2025-04-22 06:56:31] [INFO] [68073d9f0f44e] [GET /api/bookmarks?test=1] [::1] [anonymous] API Request received {"method":"GET","uri":"\/api\/bookmarks?test=1","ip":"::1","userAgent":"curl\/8.13.0"}
[2025-04-22 06:56:31] [INFO] [68073d9f117e9] [GET /api/user-progress?test=1] [::1] [anonymous] PHP Backend Logger initialized {"logLevel":"INFO","logFile":"\/home\/antinomy\/projects\/SAAS\/AI-Tutor\/php-backend\/includes\/..\/..\/logs\/php-backend.log"}
[2025-04-22 06:56:31] [INFO] [68073d9f118e4] [GET /api/user-progress?test=1] [::1] [anonymous] API Request received {"method":"GET","uri":"\/api\/user-progress?test=1","ip":"::1","userAgent":"curl\/8.13.0"}
[2025-04-22 06:56:31] [INFO] [68073d9f13a81] [GET /api/knowledge-test?test=1] [::1] [anonymous] PHP Backend Logger initialized {"logLevel":"INFO","logFile":"\/home\/antinomy\/projects\/SAAS\/AI-Tutor\/php-backend\/includes\/..\/..\/logs\/php-backend.log"}
[2025-04-22 06:56:31] [INFO] [68073d9f13b73] [GET /api/knowledge-test?test=1] [::1] [anonymous] API Request received {"method":"GET","uri":"\/api\/knowledge-test?test=1","ip":"::1","userAgent":"curl\/8.13.0"}
[2025-04-22 06:56:31] [INFO] [68073d9f15ba9] [GET /api/notes?lessonId=lesson-1&fallback=1] [::1] [anonymous] PHP Backend Logger initialized {"logLevel":"INFO","logFile":"\/home\/antinomy\/projects\/SAAS\/AI-Tutor\/php-backend\/includes\/..\/..\/logs\/php-backend.log"}
[2025-04-22 06:56:31] [INFO] [68073d9f15c88] [GET /api/notes?lessonId=lesson-1&fallback=1] [::1] [anonymous] API Request received {"method":"GET","uri":"\/api\/notes?lessonId=lesson-1&fallback=1","ip":"::1","userAgent":"curl\/8.13.0"}
[2025-04-22 06:56:31] [INFO] [68073d9f17e1c] [GET /api/bookmarks?lessonId=lesson-1&fallback=1] [::1] [anonymous] PHP Backend Logger initialized {"logLevel":"INFO","logFile":"\/home\/antinomy\/projects\/SAAS\/AI-Tutor\/php-backend\/includes\/..\/..\/logs\/php-backend.log"}
[2025-04-22 06:56:31] [INFO] [68073d9f17f8f] [GET /api/bookmarks?lessonId=lesson-1&fallback=1] [::1] [anonymous] API Request received {"method":"GET","uri":"\/api\/bookmarks?lessonId=lesson-1&fallback=1","ip":"::1","userAgent":"curl\/8.13.0"}
[2025-04-22 07:05:05] [INFO] [68073fa19b36b] [GET /api/test] [::1] [anonymous] PHP Backend Logger initialized {"logLevel":"INFO","logFile":"\/home\/antinomy\/projects\/SAAS\/AI-Tutor\/php-backend\/includes\/..\/..\/logs\/php-backend.log"}
[2025-04-22 07:05:05] [INFO] [68073fa19b49c] [GET /api/test] [::1] [anonymous] API Request received {"method":"GET","uri":"\/api\/test","ip":"::1","userAgent":"Bun\/1.2.10"}
[2025-04-22 07:05:05] [INFO] [68073fa19edc0] [GET /api/health] [::1] [anonymous] PHP Backend Logger initialized {"logLevel":"INFO","logFile":"\/home\/antinomy\/projects\/SAAS\/AI-Tutor\/php-backend\/includes\/..\/..\/logs\/php-backend.log"}
[2025-04-22 07:05:05] [INFO] [68073fa19eeae] [GET /api/health] [::1] [anonymous] API Request received {"method":"GET","uri":"\/api\/health","ip":"::1","userAgent":"curl\/8.13.0"}
[2025-04-22 07:05:05] [ERROR] [68073fa19f0a6] [GET /api/health] [::1] [anonymous] Health check - Database connection error: PostgreSQL driver not available. Available drivers: mysql {"availableDrivers":["mysql"],"databaseUrl":"not set"}
[2025-04-22 07:05:05] [INFO] [68073fa1a18d8] [GET /api/health?fallback=1] [::1] [anonymous] PHP Backend Logger initialized {"logLevel":"INFO","logFile":"\/home\/antinomy\/projects\/SAAS\/AI-Tutor\/php-backend\/includes\/..\/..\/logs\/php-backend.log"}
[2025-04-22 07:05:05] [INFO] [68073fa1a19dd] [GET /api/health?fallback=1] [::1] [anonymous] API Request received {"method":"GET","uri":"\/api\/health?fallback=1","ip":"::1","userAgent":"curl\/8.13.0"}
[2025-04-22 07:05:05] [ERROR] [68073fa1a1bdc] [GET /api/health?fallback=1] [::1] [anonymous] Health check - Database connection error: PostgreSQL driver not available. Available drivers: mysql {"availableDrivers":["mysql"],"databaseUrl":"not set"}
[2025-04-22 07:05:05] [INFO] [68073fa1a39a1] [GET /api/notes?lessonId=invalid-id] [::1] [anonymous] PHP Backend Logger initialized {"logLevel":"INFO","logFile":"\/home\/antinomy\/projects\/SAAS\/AI-Tutor\/php-backend\/includes\/..\/..\/logs\/php-backend.log"}
[2025-04-22 07:05:05] [INFO] [68073fa1a3aa4] [GET /api/notes?lessonId=invalid-id] [::1] [anonymous] API Request received {"method":"GET","uri":"\/api\/notes?lessonId=invalid-id","ip":"::1","userAgent":"curl\/8.13.0"}
[2025-04-22 07:05:05] [INFO] [68073fa1a5ed4] [GET /api/notes] [::1] [anonymous] PHP Backend Logger initialized {"logLevel":"INFO","logFile":"\/home\/antinomy\/projects\/SAAS\/AI-Tutor\/php-backend\/includes\/..\/..\/logs\/php-backend.log"}
[2025-04-22 07:05:05] [INFO] [68073fa1a5fb1] [GET /api/notes] [::1] [anonymous] API Request received {"method":"GET","uri":"\/api\/notes","ip":"::1","userAgent":"curl\/8.13.0"}
[2025-04-22 07:05:05] [INFO] [68073fa1d5a48] [GET /api/notes?test=1] [::1] [anonymous] PHP Backend Logger initialized {"logLevel":"INFO","logFile":"\/home\/antinomy\/projects\/SAAS\/AI-Tutor\/php-backend\/includes\/..\/..\/logs\/php-backend.log"}
[2025-04-22 07:05:05] [INFO] [68073fa1d5bd2] [GET /api/notes?test=1] [::1] [anonymous] API Request received {"method":"GET","uri":"\/api\/notes?test=1","ip":"::1","userAgent":"curl\/8.13.0"}
[2025-04-22 07:05:05] [INFO] [68073fa1d7bd8] [GET /api/bookmarks?test=1] [::1] [anonymous] PHP Backend Logger initialized {"logLevel":"INFO","logFile":"\/home\/antinomy\/projects\/SAAS\/AI-Tutor\/php-backend\/includes\/..\/..\/logs\/php-backend.log"}
[2025-04-22 07:05:05] [INFO] [68073fa1d7cde] [GET /api/bookmarks?test=1] [::1] [anonymous] API Request received {"method":"GET","uri":"\/api\/bookmarks?test=1","ip":"::1","userAgent":"curl\/8.13.0"}
[2025-04-22 07:05:05] [INFO] [68073fa1d9789] [GET /api/user-progress?test=1] [::1] [anonymous] PHP Backend Logger initialized {"logLevel":"INFO","logFile":"\/home\/antinomy\/projects\/SAAS\/AI-Tutor\/php-backend\/includes\/..\/..\/logs\/php-backend.log"}
[2025-04-22 07:05:05] [INFO] [68073fa1d982e] [GET /api/user-progress?test=1] [::1] [anonymous] API Request received {"method":"GET","uri":"\/api\/user-progress?test=1","ip":"::1","userAgent":"curl\/8.13.0"}
[2025-04-22 07:05:05] [INFO] [68073fa1dbb86] [GET /api/knowledge-test?test=1] [::1] [anonymous] PHP Backend Logger initialized {"logLevel":"INFO","logFile":"\/home\/antinomy\/projects\/SAAS\/AI-Tutor\/php-backend\/includes\/..\/..\/logs\/php-backend.log"}
[2025-04-22 07:05:05] [INFO] [68073fa1dbcb7] [GET /api/knowledge-test?test=1] [::1] [anonymous] API Request received {"method":"GET","uri":"\/api\/knowledge-test?test=1","ip":"::1","userAgent":"curl\/8.13.0"}
[2025-04-22 07:05:05] [INFO] [68073fa1ddd68] [GET /api/notes?lessonId=lesson-1&fallback=1] [::1] [anonymous] PHP Backend Logger initialized {"logLevel":"INFO","logFile":"\/home\/antinomy\/projects\/SAAS\/AI-Tutor\/php-backend\/includes\/..\/..\/logs\/php-backend.log"}
[2025-04-22 07:05:05] [INFO] [68073fa1dde60] [GET /api/notes?lessonId=lesson-1&fallback=1] [::1] [anonymous] API Request received {"method":"GET","uri":"\/api\/notes?lessonId=lesson-1&fallback=1","ip":"::1","userAgent":"curl\/8.13.0"}
[2025-04-22 07:05:05] [INFO] [68073fa1dff61] [GET /api/bookmarks?lessonId=lesson-1&fallback=1] [::1] [anonymous] PHP Backend Logger initialized {"logLevel":"INFO","logFile":"\/home\/antinomy\/projects\/SAAS\/AI-Tutor\/php-backend\/includes\/..\/..\/logs\/php-backend.log"}
[2025-04-22 07:05:05] [INFO] [68073fa1e002a] [GET /api/bookmarks?lessonId=lesson-1&fallback=1] [::1] [anonymous] API Request received {"method":"GET","uri":"\/api\/bookmarks?lessonId=lesson-1&fallback=1","ip":"::1","userAgent":"curl\/8.13.0"}
[2025-04-22 07:05:43] [INFO] [68073fc7a05ce] [GET /api/test] [::1] [anonymous] PHP Backend Logger initialized {"logLevel":"INFO","logFile":"\/home\/antinomy\/projects\/SAAS\/AI-Tutor\/php-backend\/includes\/..\/..\/logs\/php-backend.log"}
[2025-04-22 07:05:43] [INFO] [68073fc7a067d] [GET /api/test] [::1] [anonymous] API Request received {"method":"GET","uri":"\/api\/test","ip":"::1","userAgent":"Bun\/1.2.10"}
[2025-04-22 07:05:43] [INFO] [68073fc7a2494] [GET /api/health] [::1] [anonymous] PHP Backend Logger initialized {"logLevel":"INFO","logFile":"\/home\/antinomy\/projects\/SAAS\/AI-Tutor\/php-backend\/includes\/..\/..\/logs\/php-backend.log"}
[2025-04-22 07:05:43] [INFO] [68073fc7a252f] [GET /api/health] [::1] [anonymous] API Request received {"method":"GET","uri":"\/api\/health","ip":"::1","userAgent":"curl\/8.13.0"}
[2025-04-22 07:05:43] [ERROR] [68073fc7a264c] [GET /api/health] [::1] [anonymous] Health check - Database connection error: PostgreSQL driver not available. Available drivers: mysql {"availableDrivers":["mysql"],"databaseUrl":"not set"}
[2025-04-22 07:05:43] [INFO] [68073fc7a4362] [GET /api/health?fallback=1] [::1] [anonymous] PHP Backend Logger initialized {"logLevel":"INFO","logFile":"\/home\/antinomy\/projects\/SAAS\/AI-Tutor\/php-backend\/includes\/..\/..\/logs\/php-backend.log"}
[2025-04-22 07:05:43] [INFO] [68073fc7a4431] [GET /api/health?fallback=1] [::1] [anonymous] API Request received {"method":"GET","uri":"\/api\/health?fallback=1","ip":"::1","userAgent":"curl\/8.13.0"}
[2025-04-22 07:05:43] [ERROR] [68073fc7a4592] [GET /api/health?fallback=1] [::1] [anonymous] Health check - Database connection error: PostgreSQL driver not available. Available drivers: mysql {"availableDrivers":["mysql"],"databaseUrl":"not set"}
[2025-04-22 07:05:43] [INFO] [68073fc7a6080] [GET /api/notes?lessonId=invalid-id] [::1] [anonymous] PHP Backend Logger initialized {"logLevel":"INFO","logFile":"\/home\/antinomy\/projects\/SAAS\/AI-Tutor\/php-backend\/includes\/..\/..\/logs\/php-backend.log"}
[2025-04-22 07:05:43] [INFO] [68073fc7a6148] [GET /api/notes?lessonId=invalid-id] [::1] [anonymous] API Request received {"method":"GET","uri":"\/api\/notes?lessonId=invalid-id","ip":"::1","userAgent":"curl\/8.13.0"}
[2025-04-22 07:05:43] [INFO] [68073fc7a825b] [GET /api/notes] [::1] [anonymous] PHP Backend Logger initialized {"logLevel":"INFO","logFile":"\/home\/antinomy\/projects\/SAAS\/AI-Tutor\/php-backend\/includes\/..\/..\/logs\/php-backend.log"}
[2025-04-22 07:05:43] [INFO] [68073fc7a8327] [GET /api/notes] [::1] [anonymous] API Request received {"method":"GET","uri":"\/api\/notes","ip":"::1","userAgent":"curl\/8.13.0"}
[2025-04-22 07:05:43] [INFO] [68073fc7b2bbe] [GET /api/notes?test=1] [::1] [anonymous] PHP Backend Logger initialized {"logLevel":"INFO","logFile":"\/home\/antinomy\/projects\/SAAS\/AI-Tutor\/php-backend\/includes\/..\/..\/logs\/php-backend.log"}
[2025-04-22 07:05:43] [INFO] [68073fc7b2cb5] [GET /api/notes?test=1] [::1] [anonymous] API Request received {"method":"GET","uri":"\/api\/notes?test=1","ip":"::1","userAgent":"curl\/8.13.0"}
[2025-04-22 07:05:43] [INFO] [68073fc7b4ba3] [GET /api/bookmarks?test=1] [::1] [anonymous] PHP Backend Logger initialized {"logLevel":"INFO","logFile":"\/home\/antinomy\/projects\/SAAS\/AI-Tutor\/php-backend\/includes\/..\/..\/logs\/php-backend.log"}
[2025-04-22 07:05:43] [INFO] [68073fc7b4ca3] [GET /api/bookmarks?test=1] [::1] [anonymous] API Request received {"method":"GET","uri":"\/api\/bookmarks?test=1","ip":"::1","userAgent":"curl\/8.13.0"}
[2025-04-22 07:05:43] [INFO] [68073fc7b72ab] [GET /api/user-progress?test=1] [::1] [anonymous] PHP Backend Logger initialized {"logLevel":"INFO","logFile":"\/home\/antinomy\/projects\/SAAS\/AI-Tutor\/php-backend\/includes\/..\/..\/logs\/php-backend.log"}
[2025-04-22 07:05:43] [INFO] [68073fc7b73ac] [GET /api/user-progress?test=1] [::1] [anonymous] API Request received {"method":"GET","uri":"\/api\/user-progress?test=1","ip":"::1","userAgent":"curl\/8.13.0"}
[2025-04-22 07:05:43] [INFO] [68073fc7b93f8] [GET /api/knowledge-test?test=1] [::1] [anonymous] PHP Backend Logger initialized {"logLevel":"INFO","logFile":"\/home\/antinomy\/projects\/SAAS\/AI-Tutor\/php-backend\/includes\/..\/..\/logs\/php-backend.log"}
[2025-04-22 07:05:43] [INFO] [68073fc7b9500] [GET /api/knowledge-test?test=1] [::1] [anonymous] API Request received {"method":"GET","uri":"\/api\/knowledge-test?test=1","ip":"::1","userAgent":"curl\/8.13.0"}
[2025-04-22 07:05:43] [INFO] [68073fc7bbba9] [GET /api/notes?lessonId=lesson-1&fallback=1] [::1] [anonymous] PHP Backend Logger initialized {"logLevel":"INFO","logFile":"\/home\/antinomy\/projects\/SAAS\/AI-Tutor\/php-backend\/includes\/..\/..\/logs\/php-backend.log"}
[2025-04-22 07:05:43] [INFO] [68073fc7bbcd0] [GET /api/notes?lessonId=lesson-1&fallback=1] [::1] [anonymous] API Request received {"method":"GET","uri":"\/api\/notes?lessonId=lesson-1&fallback=1","ip":"::1","userAgent":"curl\/8.13.0"}
[2025-04-22 07:05:43] [INFO] [68073fc7bdf77] [GET /api/bookmarks?lessonId=lesson-1&fallback=1] [::1] [anonymous] PHP Backend Logger initialized {"logLevel":"INFO","logFile":"\/home\/antinomy\/projects\/SAAS\/AI-Tutor\/php-backend\/includes\/..\/..\/logs\/php-backend.log"}
[2025-04-22 07:05:43] [INFO] [68073fc7be0c0] [GET /api/bookmarks?lessonId=lesson-1&fallback=1] [::1] [anonymous] API Request received {"method":"GET","uri":"\/api\/bookmarks?lessonId=lesson-1&fallback=1","ip":"::1","userAgent":"curl\/8.13.0"}
[2025-04-22 07:07:47] [INFO] [6807404396544] [GET /api/test] [::1] [anonymous] PHP Backend Logger initialized {"logLevel":"INFO","logFile":"\/home\/antinomy\/projects\/SAAS\/AI-Tutor\/php-backend\/includes\/..\/..\/logs\/php-backend.log"}
[2025-04-22 07:07:47] [INFO] [680740439663b] [GET /api/test] [::1] [anonymous] API Request received {"method":"GET","uri":"\/api\/test","ip":"::1","userAgent":"Bun\/1.2.10"}
[2025-04-22 07:07:47] [INFO] [68074043993f7] [GET /api/health] [::1] [anonymous] PHP Backend Logger initialized {"logLevel":"INFO","logFile":"\/home\/antinomy\/projects\/SAAS\/AI-Tutor\/php-backend\/includes\/..\/..\/logs\/php-backend.log"}
[2025-04-22 07:07:47] [INFO] [68074043994f1] [GET /api/health] [::1] [anonymous] API Request received {"method":"GET","uri":"\/api\/health","ip":"::1","userAgent":"curl\/8.13.0"}
[2025-04-22 07:07:47] [ERROR] [68074043996d1] [GET /api/health] [::1] [anonymous] Health check - Database connection error: PostgreSQL driver not available. Available drivers: mysql {"availableDrivers":["mysql"],"databaseUrl":"not set"}
[2025-04-22 07:07:47] [INFO] [680740439bedd] [GET /api/health?fallback=1] [::1] [anonymous] PHP Backend Logger initialized {"logLevel":"INFO","logFile":"\/home\/antinomy\/projects\/SAAS\/AI-Tutor\/php-backend\/includes\/..\/..\/logs\/php-backend.log"}
[2025-04-22 07:07:47] [INFO] [680740439bff2] [GET /api/health?fallback=1] [::1] [anonymous] API Request received {"method":"GET","uri":"\/api\/health?fallback=1","ip":"::1","userAgent":"curl\/8.13.0"}
[2025-04-22 07:07:47] [ERROR] [680740439c1e0] [GET /api/health?fallback=1] [::1] [anonymous] Health check - Database connection error: PostgreSQL driver not available. Available drivers: mysql {"availableDrivers":["mysql"],"databaseUrl":"not set"}
[2025-04-22 07:07:47] [INFO] [680740439e08d] [GET /api/notes?lessonId=invalid-id] [::1] [anonymous] PHP Backend Logger initialized {"logLevel":"INFO","logFile":"\/home\/antinomy\/projects\/SAAS\/AI-Tutor\/php-backend\/includes\/..\/..\/logs\/php-backend.log"}
[2025-04-22 07:07:47] [INFO] [680740439e17b] [GET /api/notes?lessonId=invalid-id] [::1] [anonymous] API Request received {"method":"GET","uri":"\/api\/notes?lessonId=invalid-id","ip":"::1","userAgent":"curl\/8.13.0"}
[2025-04-22 07:07:47] [ERROR] [680740439e32d] [GET /api/notes?lessonId=invalid-id] [::1] [anonymous] Error response: Unauthorized {"statusCode":401,"details":"Authentication required","errorCode":"UNAUTHORIZED","method":"GET","uri":"\/api\/notes?lessonId=invalid-id"}
[2025-04-22 07:07:47] [INFO] [680740439e34a] [GET /api/notes?lessonId=invalid-id] [::1] [anonymous] API Response sent {"statusCode":401,"response":{"status":"error","code":401,"message":"Unauthorized","details":"Authentication required","errorCode":"UNAUTHORIZED"}}
[2025-04-22 07:07:47] [INFO] [68074043a0d28] [GET /api/notes] [::1] [anonymous] PHP Backend Logger initialized {"logLevel":"INFO","logFile":"\/home\/antinomy\/projects\/SAAS\/AI-Tutor\/php-backend\/includes\/..\/..\/logs\/php-backend.log"}
[2025-04-22 07:07:47] [INFO] [68074043a0e7e] [GET /api/notes] [::1] [anonymous] API Request received {"method":"GET","uri":"\/api\/notes","ip":"::1","userAgent":"curl\/8.13.0"}
[2025-04-22 07:07:47] [ERROR] [68074043a10e9] [GET /api/notes] [::1] [anonymous] Error response: Unauthorized {"statusCode":401,"details":"Authentication required","errorCode":"UNAUTHORIZED","method":"GET","uri":"\/api\/notes"}
[2025-04-22 07:07:47] [INFO] [68074043a1122] [GET /api/notes] [::1] [anonymous] API Response sent {"statusCode":401,"response":{"status":"error","code":401,"message":"Unauthorized","details":"Authentication required","errorCode":"UNAUTHORIZED"}}
[2025-04-22 07:07:47] [INFO] [68074043b19f7] [GET /api/notes?test=1] [::1] [anonymous] PHP Backend Logger initialized {"logLevel":"INFO","logFile":"\/home\/antinomy\/projects\/SAAS\/AI-Tutor\/php-backend\/includes\/..\/..\/logs\/php-backend.log"}
[2025-04-22 07:07:47] [INFO] [68074043b1ad8] [GET /api/notes?test=1] [::1] [anonymous] API Request received {"method":"GET","uri":"\/api\/notes?test=1","ip":"::1","userAgent":"curl\/8.13.0"}
[2025-04-22 07:07:47] [INFO] [68074043b35e3] [GET /api/bookmarks?test=1] [::1] [anonymous] PHP Backend Logger initialized {"logLevel":"INFO","logFile":"\/home\/antinomy\/projects\/SAAS\/AI-Tutor\/php-backend\/includes\/..\/..\/logs\/php-backend.log"}
[2025-04-22 07:07:47] [INFO] [68074043b3683] [GET /api/bookmarks?test=1] [::1] [anonymous] API Request received {"method":"GET","uri":"\/api\/bookmarks?test=1","ip":"::1","userAgent":"curl\/8.13.0"}
[2025-04-22 07:07:47] [INFO] [68074043b55de] [GET /api/user-progress?test=1] [::1] [anonymous] PHP Backend Logger initialized {"logLevel":"INFO","logFile":"\/home\/antinomy\/projects\/SAAS\/AI-Tutor\/php-backend\/includes\/..\/..\/logs\/php-backend.log"}
[2025-04-22 07:07:47] [INFO] [68074043b56f1] [GET /api/user-progress?test=1] [::1] [anonymous] API Request received {"method":"GET","uri":"\/api\/user-progress?test=1","ip":"::1","userAgent":"curl\/8.13.0"}
[2025-04-22 07:07:47] [INFO] [68074043b725b] [GET /api/knowledge-test?test=1] [::1] [anonymous] PHP Backend Logger initialized {"logLevel":"INFO","logFile":"\/home\/antinomy\/projects\/SAAS\/AI-Tutor\/php-backend\/includes\/..\/..\/logs\/php-backend.log"}
[2025-04-22 07:07:47] [INFO] [68074043b7363] [GET /api/knowledge-test?test=1] [::1] [anonymous] API Request received {"method":"GET","uri":"\/api\/knowledge-test?test=1","ip":"::1","userAgent":"curl\/8.13.0"}
[2025-04-22 07:07:47] [INFO] [68074043b92a7] [GET /api/notes?lessonId=lesson-1&fallback=1] [::1] [anonymous] PHP Backend Logger initialized {"logLevel":"INFO","logFile":"\/home\/antinomy\/projects\/SAAS\/AI-Tutor\/php-backend\/includes\/..\/..\/logs\/php-backend.log"}
[2025-04-22 07:07:47] [INFO] [68074043b93c3] [GET /api/notes?lessonId=lesson-1&fallback=1] [::1] [anonymous] API Request received {"method":"GET","uri":"\/api\/notes?lessonId=lesson-1&fallback=1","ip":"::1","userAgent":"curl\/8.13.0"}
[2025-04-22 07:07:47] [INFO] [68074043b9602] [GET /api/notes?lessonId=lesson-1&fallback=1] [::1] [anonymous] API Response sent {"statusCode":200}
[2025-04-22 07:07:47] [INFO] [68074043bbd73] [GET /api/bookmarks?lessonId=lesson-1&fallback=1] [::1] [anonymous] PHP Backend Logger initialized {"logLevel":"INFO","logFile":"\/home\/antinomy\/projects\/SAAS\/AI-Tutor\/php-backend\/includes\/..\/..\/logs\/php-backend.log"}
[2025-04-22 07:07:47] [INFO] [68074043bbe85] [GET /api/bookmarks?lessonId=lesson-1&fallback=1] [::1] [anonymous] API Request received {"method":"GET","uri":"\/api\/bookmarks?lessonId=lesson-1&fallback=1","ip":"::1","userAgent":"curl\/8.13.0"}
[2025-04-22 07:07:47] [INFO] [68074043bc8fb] [GET /api/bookmarks?lessonId=lesson-1&fallback=1] [::1] [anonymous] API Response sent {"statusCode":200}
[2025-04-22 07:12:10] [INFO] [6807414acfdcf] [GET /api/test] [::1] [anonymous] PHP Backend Logger initialized {"logLevel":"INFO","logFile":"\/home\/antinomy\/projects\/SAAS\/AI-Tutor\/php-backend\/includes\/..\/..\/logs\/php-backend.log"}
[2025-04-22 07:12:10] [INFO] [6807414acfe86] [GET /api/test] [::1] [anonymous] API Request received {"method":"GET","uri":"\/api\/test","ip":"::1","userAgent":"Bun\/1.2.10"}
[2025-04-22 07:12:10] [INFO] [6807414ad24d8] [GET /api/health] [::1] [anonymous] PHP Backend Logger initialized {"logLevel":"INFO","logFile":"\/home\/antinomy\/projects\/SAAS\/AI-Tutor\/php-backend\/includes\/..\/..\/logs\/php-backend.log"}
[2025-04-22 07:12:10] [INFO] [6807414ad25c6] [GET /api/health] [::1] [anonymous] API Request received {"method":"GET","uri":"\/api\/health","ip":"::1","userAgent":"curl\/8.13.0"}
[2025-04-22 07:12:10] [ERROR] [6807414ad2788] [GET /api/health] [::1] [anonymous] Health check - Database connection error: PostgreSQL driver not available. Available drivers: mysql {"availableDrivers":["mysql"],"databaseUrl":"not set"}
[2025-04-22 07:12:10] [INFO] [6807414ad4bfc] [GET /api/health?fallback=1] [::1] [anonymous] PHP Backend Logger initialized {"logLevel":"INFO","logFile":"\/home\/antinomy\/projects\/SAAS\/AI-Tutor\/php-backend\/includes\/..\/..\/logs\/php-backend.log"}
[2025-04-22 07:12:10] [INFO] [6807414ad4d28] [GET /api/health?fallback=1] [::1] [anonymous] API Request received {"method":"GET","uri":"\/api\/health?fallback=1","ip":"::1","userAgent":"curl\/8.13.0"}
[2025-04-22 07:12:10] [ERROR] [6807414ad4f0e] [GET /api/health?fallback=1] [::1] [anonymous] Health check - Database connection error: PostgreSQL driver not available. Available drivers: mysql {"availableDrivers":["mysql"],"databaseUrl":"not set"}
[2025-04-22 07:12:10] [INFO] [6807414ad74bd] [GET /api/notes?lessonId=invalid-id&fallback=1] [::1] [anonymous] PHP Backend Logger initialized {"logLevel":"INFO","logFile":"\/home\/antinomy\/projects\/SAAS\/AI-Tutor\/php-backend\/includes\/..\/..\/logs\/php-backend.log"}
[2025-04-22 07:12:10] [INFO] [6807414ad75ba] [GET /api/notes?lessonId=invalid-id&fallback=1] [::1] [anonymous] API Request received {"method":"GET","uri":"\/api\/notes?lessonId=invalid-id&fallback=1","ip":"::1","userAgent":"curl\/8.13.0"}
[2025-04-22 07:12:10] [INFO] [6807414ad77e0] [GET /api/notes?lessonId=invalid-id&fallback=1] [::1] [anonymous] API Response sent {"statusCode":200}
[2025-04-22 07:12:10] [INFO] [6807414ad9306] [GET /api/notes?fallback=1] [::1] [anonymous] PHP Backend Logger initialized {"logLevel":"INFO","logFile":"\/home\/antinomy\/projects\/SAAS\/AI-Tutor\/php-backend\/includes\/..\/..\/logs\/php-backend.log"}
[2025-04-22 07:12:10] [INFO] [6807414ad93d9] [GET /api/notes?fallback=1] [::1] [anonymous] API Request received {"method":"GET","uri":"\/api\/notes?fallback=1","ip":"::1","userAgent":"curl\/8.13.0"}
[2025-04-22 07:12:10] [ERROR] [6807414ad956a] [GET /api/notes?fallback=1] [::1] [anonymous] Error response: Lesson ID is required {"statusCode":400,"details":"The lessonId parameter is required for this endpoint","errorCode":"MISSING_PARAMETER","method":"GET","uri":"\/api\/notes?fallback=1"}
[2025-04-22 07:12:10] [INFO] [6807414ad958b] [GET /api/notes?fallback=1] [::1] [anonymous] API Response sent {"statusCode":400,"response":{"status":"error","code":400,"message":"Lesson ID is required","details":"The lessonId parameter is required for this endpoint","errorCode":"MISSING_PARAMETER"}}
[2025-04-22 07:12:10] [INFO] [6807414ae2e2e] [GET /api/notes?test=1] [::1] [anonymous] PHP Backend Logger initialized {"logLevel":"INFO","logFile":"\/home\/antinomy\/projects\/SAAS\/AI-Tutor\/php-backend\/includes\/..\/..\/logs\/php-backend.log"}
[2025-04-22 07:12:10] [INFO] [6807414ae2f2c] [GET /api/notes?test=1] [::1] [anonymous] API Request received {"method":"GET","uri":"\/api\/notes?test=1","ip":"::1","userAgent":"curl\/8.13.0"}
[2025-04-22 07:12:10] [INFO] [6807414ae4d35] [GET /api/bookmarks?test=1] [::1] [anonymous] PHP Backend Logger initialized {"logLevel":"INFO","logFile":"\/home\/antinomy\/projects\/SAAS\/AI-Tutor\/php-backend\/includes\/..\/..\/logs\/php-backend.log"}
[2025-04-22 07:12:10] [INFO] [6807414ae4e6d] [GET /api/bookmarks?test=1] [::1] [anonymous] API Request received {"method":"GET","uri":"\/api\/bookmarks?test=1","ip":"::1","userAgent":"curl\/8.13.0"}
[2025-04-22 07:12:10] [INFO] [6807414ae7199] [GET /api/user-progress?test=1] [::1] [anonymous] PHP Backend Logger initialized {"logLevel":"INFO","logFile":"\/home\/antinomy\/projects\/SAAS\/AI-Tutor\/php-backend\/includes\/..\/..\/logs\/php-backend.log"}
[2025-04-22 07:12:10] [INFO] [6807414ae7270] [GET /api/user-progress?test=1] [::1] [anonymous] API Request received {"method":"GET","uri":"\/api\/user-progress?test=1","ip":"::1","userAgent":"curl\/8.13.0"}
[2025-04-22 07:12:10] [INFO] [6807414ae931f] [GET /api/knowledge-test?test=1] [::1] [anonymous] PHP Backend Logger initialized {"logLevel":"INFO","logFile":"\/home\/antinomy\/projects\/SAAS\/AI-Tutor\/php-backend\/includes\/..\/..\/logs\/php-backend.log"}
[2025-04-22 07:12:10] [INFO] [6807414ae9448] [GET /api/knowledge-test?test=1] [::1] [anonymous] API Request received {"method":"GET","uri":"\/api\/knowledge-test?test=1","ip":"::1","userAgent":"curl\/8.13.0"}
[2025-04-22 07:12:10] [INFO] [6807414aeb4cf] [GET /api/notes?lessonId=lesson-1&fallback=1] [::1] [anonymous] PHP Backend Logger initialized {"logLevel":"INFO","logFile":"\/home\/antinomy\/projects\/SAAS\/AI-Tutor\/php-backend\/includes\/..\/..\/logs\/php-backend.log"}
[2025-04-22 07:12:10] [INFO] [6807414aeb5bf] [GET /api/notes?lessonId=lesson-1&fallback=1] [::1] [anonymous] API Request received {"method":"GET","uri":"\/api\/notes?lessonId=lesson-1&fallback=1","ip":"::1","userAgent":"curl\/8.13.0"}
[2025-04-22 07:12:10] [INFO] [6807414aeb7ae] [GET /api/notes?lessonId=lesson-1&fallback=1] [::1] [anonymous] API Response sent {"statusCode":200}
[2025-04-22 07:12:10] [INFO] [6807414aee071] [GET /api/bookmarks?lessonId=lesson-1&fallback=1] [::1] [anonymous] PHP Backend Logger initialized {"logLevel":"INFO","logFile":"\/home\/antinomy\/projects\/SAAS\/AI-Tutor\/php-backend\/includes\/..\/..\/logs\/php-backend.log"}
[2025-04-22 07:12:10] [INFO] [6807414aee173] [GET /api/bookmarks?lessonId=lesson-1&fallback=1] [::1] [anonymous] API Request received {"method":"GET","uri":"\/api\/bookmarks?lessonId=lesson-1&fallback=1","ip":"::1","userAgent":"curl\/8.13.0"}
[2025-04-22 07:12:10] [INFO] [6807414aeea3a] [GET /api/bookmarks?lessonId=lesson-1&fallback=1] [::1] [anonymous] API Response sent {"statusCode":200}
[2025-04-22 07:12:47] [INFO] [6807416f9a177] [GET /api/test] [::1] [anonymous] PHP Backend Logger initialized {"logLevel":"INFO","logFile":"\/home\/antinomy\/projects\/SAAS\/AI-Tutor\/php-backend\/includes\/..\/..\/logs\/php-backend.log"}
[2025-04-22 07:12:47] [INFO] [6807416f9a27f] [GET /api/test] [::1] [anonymous] API Request received {"method":"GET","uri":"\/api\/test","ip":"::1","userAgent":"Bun\/1.2.10"}
[2025-04-22 07:12:47] [INFO] [6807416f9c57c] [GET /api/health] [::1] [anonymous] PHP Backend Logger initialized {"logLevel":"INFO","logFile":"\/home\/antinomy\/projects\/SAAS\/AI-Tutor\/php-backend\/includes\/..\/..\/logs\/php-backend.log"}
[2025-04-22 07:12:47] [INFO] [6807416f9c65d] [GET /api/health] [::1] [anonymous] API Request received {"method":"GET","uri":"\/api\/health","ip":"::1","userAgent":"curl\/8.13.0"}
[2025-04-22 07:12:47] [ERROR] [6807416f9c849] [GET /api/health] [::1] [anonymous] Health check - Database connection error: PostgreSQL driver not available. Available drivers: mysql {"availableDrivers":["mysql"],"databaseUrl":"not set"}
[2025-04-22 07:12:47] [INFO] [6807416f9ec00] [GET /api/health?fallback=1] [::1] [anonymous] PHP Backend Logger initialized {"logLevel":"INFO","logFile":"\/home\/antinomy\/projects\/SAAS\/AI-Tutor\/php-backend\/includes\/..\/..\/logs\/php-backend.log"}
[2025-04-22 07:12:47] [INFO] [6807416f9ece3] [GET /api/health?fallback=1] [::1] [anonymous] API Request received {"method":"GET","uri":"\/api\/health?fallback=1","ip":"::1","userAgent":"curl\/8.13.0"}
[2025-04-22 07:12:47] [ERROR] [6807416f9ee5a] [GET /api/health?fallback=1] [::1] [anonymous] Health check - Database connection error: PostgreSQL driver not available. Available drivers: mysql {"availableDrivers":["mysql"],"databaseUrl":"not set"}
[2025-04-22 07:12:47] [INFO] [6807416fa11b7] [GET /api/notes?lessonId=invalid-id&fallback=1] [::1] [anonymous] PHP Backend Logger initialized {"logLevel":"INFO","logFile":"\/home\/antinomy\/projects\/SAAS\/AI-Tutor\/php-backend\/includes\/..\/..\/logs\/php-backend.log"}
[2025-04-22 07:12:47] [INFO] [6807416fa12cc] [GET /api/notes?lessonId=invalid-id&fallback=1] [::1] [anonymous] API Request received {"method":"GET","uri":"\/api\/notes?lessonId=invalid-id&fallback=1","ip":"::1","userAgent":"curl\/8.13.0"}
[2025-04-22 07:12:47] [INFO] [6807416fa14d5] [GET /api/notes?lessonId=invalid-id&fallback=1] [::1] [anonymous] API Response sent {"statusCode":200}
[2025-04-22 07:12:47] [INFO] [6807416fa398f] [GET /api/notes?fallback=1] [::1] [anonymous] PHP Backend Logger initialized {"logLevel":"INFO","logFile":"\/home\/antinomy\/projects\/SAAS\/AI-Tutor\/php-backend\/includes\/..\/..\/logs\/php-backend.log"}
[2025-04-22 07:12:47] [INFO] [6807416fa3a8e] [GET /api/notes?fallback=1] [::1] [anonymous] API Request received {"method":"GET","uri":"\/api\/notes?fallback=1","ip":"::1","userAgent":"curl\/8.13.0"}
[2025-04-22 07:12:47] [ERROR] [6807416fa3c5b] [GET /api/notes?fallback=1] [::1] [anonymous] Error response: Lesson ID is required {"statusCode":400,"details":"The lessonId parameter is required for this endpoint","errorCode":"MISSING_PARAMETER","method":"GET","uri":"\/api\/notes?fallback=1"}
[2025-04-22 07:12:47] [INFO] [6807416fa3c74] [GET /api/notes?fallback=1] [::1] [anonymous] API Response sent {"statusCode":400,"response":{"status":"error","code":400,"message":"Lesson ID is required","details":"The lessonId parameter is required for this endpoint","errorCode":"MISSING_PARAMETER"}}
[2025-04-22 07:12:47] [INFO] [6807416fadbfa] [GET /api/notes?test=1] [::1] [anonymous] PHP Backend Logger initialized {"logLevel":"INFO","logFile":"\/home\/antinomy\/projects\/SAAS\/AI-Tutor\/php-backend\/includes\/..\/..\/logs\/php-backend.log"}
[2025-04-22 07:12:47] [INFO] [6807416fadd0f] [GET /api/notes?test=1] [::1] [anonymous] API Request received {"method":"GET","uri":"\/api\/notes?test=1","ip":"::1","userAgent":"curl\/8.13.0"}
[2025-04-22 07:12:47] [INFO] [6807416fafe37] [GET /api/bookmarks?test=1] [::1] [anonymous] PHP Backend Logger initialized {"logLevel":"INFO","logFile":"\/home\/antinomy\/projects\/SAAS\/AI-Tutor\/php-backend\/includes\/..\/..\/logs\/php-backend.log"}
[2025-04-22 07:12:47] [INFO] [6807416faff38] [GET /api/bookmarks?test=1] [::1] [anonymous] API Request received {"method":"GET","uri":"\/api\/bookmarks?test=1","ip":"::1","userAgent":"curl\/8.13.0"}
[2025-04-22 07:12:47] [INFO] [6807416fb1ba3] [GET /api/user-progress?test=1] [::1] [anonymous] PHP Backend Logger initialized {"logLevel":"INFO","logFile":"\/home\/antinomy\/projects\/SAAS\/AI-Tutor\/php-backend\/includes\/..\/..\/logs\/php-backend.log"}
[2025-04-22 07:12:47] [INFO] [6807416fb1c49] [GET /api/user-progress?test=1] [::1] [anonymous] API Request received {"method":"GET","uri":"\/api\/user-progress?test=1","ip":"::1","userAgent":"curl\/8.13.0"}
[2025-04-22 07:12:47] [INFO] [6807416fb3dde] [GET /api/knowledge-test?test=1] [::1] [anonymous] PHP Backend Logger initialized {"logLevel":"INFO","logFile":"\/home\/antinomy\/projects\/SAAS\/AI-Tutor\/php-backend\/includes\/..\/..\/logs\/php-backend.log"}
[2025-04-22 07:12:47] [INFO] [6807416fb3edf] [GET /api/knowledge-test?test=1] [::1] [anonymous] API Request received {"method":"GET","uri":"\/api\/knowledge-test?test=1","ip":"::1","userAgent":"curl\/8.13.0"}
[2025-04-22 07:12:47] [INFO] [6807416fb5c3d] [GET /api/notes?lessonId=lesson-1&fallback=1] [::1] [anonymous] PHP Backend Logger initialized {"logLevel":"INFO","logFile":"\/home\/antinomy\/projects\/SAAS\/AI-Tutor\/php-backend\/includes\/..\/..\/logs\/php-backend.log"}
[2025-04-22 07:12:47] [INFO] [6807416fb5ceb] [GET /api/notes?lessonId=lesson-1&fallback=1] [::1] [anonymous] API Request received {"method":"GET","uri":"\/api\/notes?lessonId=lesson-1&fallback=1","ip":"::1","userAgent":"curl\/8.13.0"}
[2025-04-22 07:12:47] [INFO] [6807416fb5e27] [GET /api/notes?lessonId=lesson-1&fallback=1] [::1] [anonymous] API Response sent {"statusCode":200}
[2025-04-22 07:12:47] [INFO] [6807416fb81bb] [GET /api/bookmarks?lessonId=lesson-1&fallback=1] [::1] [anonymous] PHP Backend Logger initialized {"logLevel":"INFO","logFile":"\/home\/antinomy\/projects\/SAAS\/AI-Tutor\/php-backend\/includes\/..\/..\/logs\/php-backend.log"}
[2025-04-22 07:12:47] [INFO] [6807416fb82ca] [GET /api/bookmarks?lessonId=lesson-1&fallback=1] [::1] [anonymous] API Request received {"method":"GET","uri":"\/api\/bookmarks?lessonId=lesson-1&fallback=1","ip":"::1","userAgent":"curl\/8.13.0"}
[2025-04-22 07:12:47] [INFO] [6807416fb84c2] [GET /api/bookmarks?lessonId=lesson-1&fallback=1] [::1] [anonymous] API Response sent {"statusCode":200}
[2025-04-22 07:13:19] [INFO] [6807418f63091] [GET /api/health] [::1] [anonymous] PHP Backend Logger initialized {"logLevel":"INFO","logFile":"\/home\/antinomy\/projects\/SAAS\/AI-Tutor\/php-backend\/includes\/..\/..\/logs\/php-backend.log"}
[2025-04-22 07:13:19] [INFO] [6807418f63191] [GET /api/health] [::1] [anonymous] API Request received {"method":"GET","uri":"\/api\/health","ip":"::1","userAgent":"Mozilla\/5.0 (X11; Linux x86_64; rv:137.0) Gecko\/20100101 Firefox\/137.0"}
[2025-04-22 07:13:19] [ERROR] [6807418f63352] [GET /api/health] [::1] [anonymous] Health check - Database connection error: PostgreSQL driver not available. Available drivers: mysql {"availableDrivers":["mysql"],"databaseUrl":"not set"}
[2025-04-22 07:13:19] [INFO] [6807418f6b69a] [GET /favicon.ico] [::1] [anonymous] PHP Backend Logger initialized {"logLevel":"INFO","logFile":"\/home\/antinomy\/projects\/SAAS\/AI-Tutor\/php-backend\/includes\/..\/..\/logs\/php-backend.log"}
[2025-04-22 07:13:19] [INFO] [6807418f6b757] [GET /favicon.ico] [::1] [anonymous] API Request received {"method":"GET","uri":"\/favicon.ico","ip":"::1","userAgent":"Mozilla\/5.0 (X11; Linux x86_64; rv:137.0) Gecko\/20100101 Firefox\/137.0"}
[2025-04-22 07:13:19] [INFO] [6807418fe6b8b] [GET /api/health] [::1] [anonymous] PHP Backend Logger initialized {"logLevel":"INFO","logFile":"\/home\/antinomy\/projects\/SAAS\/AI-Tutor\/php-backend\/includes\/..\/..\/logs\/php-backend.log"}
[2025-04-22 07:13:19] [INFO] [6807418fe6d0a] [GET /api/health] [::1] [anonymous] API Request received {"method":"GET","uri":"\/api\/health","ip":"::1","userAgent":"Mozilla\/5.0 (X11; Linux x86_64; rv:137.0) Gecko\/20100101 Firefox\/137.0"}
[2025-04-22 07:13:19] [ERROR] [6807418fe6f9b] [GET /api/health] [::1] [anonymous] Health check - Database connection error: PostgreSQL driver not available. Available drivers: mysql {"availableDrivers":["mysql"],"databaseUrl":"not set"}
[2025-04-22 07:13:19] [INFO] [6807418fed47c] [GET /favicon.ico] [::1] [anonymous] PHP Backend Logger initialized {"logLevel":"INFO","logFile":"\/home\/antinomy\/projects\/SAAS\/AI-Tutor\/php-backend\/includes\/..\/..\/logs\/php-backend.log"}
[2025-04-22 07:13:19] [INFO] [6807418fed583] [GET /favicon.ico] [::1] [anonymous] API Request received {"method":"GET","uri":"\/favicon.ico","ip":"::1","userAgent":"Mozilla\/5.0 (X11; Linux x86_64; rv:137.0) Gecko\/20100101 Firefox\/137.0"}
[2025-04-22 07:13:20] [INFO] [6807419028eab] [GET /api/health] [::1] [anonymous] PHP Backend Logger initialized {"logLevel":"INFO","logFile":"\/home\/antinomy\/projects\/SAAS\/AI-Tutor\/php-backend\/includes\/..\/..\/logs\/php-backend.log"}
[2025-04-22 07:13:20] [INFO] [6807419028fa1] [GET /api/health] [::1] [anonymous] API Request received {"method":"GET","uri":"\/api\/health","ip":"::1","userAgent":"Mozilla\/5.0 (X11; Linux x86_64; rv:137.0) Gecko\/20100101 Firefox\/137.0"}
[2025-04-22 07:13:20] [ERROR] [680741902915d] [GET /api/health] [::1] [anonymous] Health check - Database connection error: PostgreSQL driver not available. Available drivers: mysql {"availableDrivers":["mysql"],"databaseUrl":"not set"}
[2025-04-22 07:13:20] [INFO] [680741902dc3a] [GET /favicon.ico] [::1] [anonymous] PHP Backend Logger initialized {"logLevel":"INFO","logFile":"\/home\/antinomy\/projects\/SAAS\/AI-Tutor\/php-backend\/includes\/..\/..\/logs\/php-backend.log"}
[2025-04-22 07:13:20] [INFO] [680741902dd53] [GET /favicon.ico] [::1] [anonymous] API Request received {"method":"GET","uri":"\/favicon.ico","ip":"::1","userAgent":"Mozilla\/5.0 (X11; Linux x86_64; rv:137.0) Gecko\/20100101 Firefox\/137.0"}
[2025-04-22 07:13:20] [INFO] [680741905c58d] [GET /api/health] [::1] [anonymous] PHP Backend Logger initialized {"logLevel":"INFO","logFile":"\/home\/antinomy\/projects\/SAAS\/AI-Tutor\/php-backend\/includes\/..\/..\/logs\/php-backend.log"}
[2025-04-22 07:13:20] [INFO] [680741905c681] [GET /api/health] [::1] [anonymous] API Request received {"method":"GET","uri":"\/api\/health","ip":"::1","userAgent":"Mozilla\/5.0 (X11; Linux x86_64; rv:137.0) Gecko\/20100101 Firefox\/137.0"}
[2025-04-22 07:13:20] [ERROR] [680741905c832] [GET /api/health] [::1] [anonymous] Health check - Database connection error: PostgreSQL driver not available. Available drivers: mysql {"availableDrivers":["mysql"],"databaseUrl":"not set"}
[2025-04-22 07:13:20] [INFO] [6807419062c2f] [GET /favicon.ico] [::1] [anonymous] PHP Backend Logger initialized {"logLevel":"INFO","logFile":"\/home\/antinomy\/projects\/SAAS\/AI-Tutor\/php-backend\/includes\/..\/..\/logs\/php-backend.log"}
[2025-04-22 07:13:20] [INFO] [6807419062d30] [GET /favicon.ico] [::1] [anonymous] API Request received {"method":"GET","uri":"\/favicon.ico","ip":"::1","userAgent":"Mozilla\/5.0 (X11; Linux x86_64; rv:137.0) Gecko\/20100101 Firefox\/137.0"}
[2025-04-22 07:13:20] [INFO] [6807419098daf] [GET /api/health] [::1] [anonymous] PHP Backend Logger initialized {"logLevel":"INFO","logFile":"\/home\/antinomy\/projects\/SAAS\/AI-Tutor\/php-backend\/includes\/..\/..\/logs\/php-backend.log"}
[2025-04-22 07:13:20] [INFO] [6807419098ed1] [GET /api/health] [::1] [anonymous] API Request received {"method":"GET","uri":"\/api\/health","ip":"::1","userAgent":"Mozilla\/5.0 (X11; Linux x86_64; rv:137.0) Gecko\/20100101 Firefox\/137.0"}
[2025-04-22 07:13:20] [ERROR] [6807419099029] [GET /api/health] [::1] [anonymous] Health check - Database connection error: PostgreSQL driver not available. Available drivers: mysql {"availableDrivers":["mysql"],"databaseUrl":"not set"}
[2025-04-22 07:13:20] [INFO] [680741909e3b8] [GET /favicon.ico] [::1] [anonymous] PHP Backend Logger initialized {"logLevel":"INFO","logFile":"\/home\/antinomy\/projects\/SAAS\/AI-Tutor\/php-backend\/includes\/..\/..\/logs\/php-backend.log"}
[2025-04-22 07:13:20] [INFO] [680741909e479] [GET /favicon.ico] [::1] [anonymous] API Request received {"method":"GET","uri":"\/favicon.ico","ip":"::1","userAgent":"Mozilla\/5.0 (X11; Linux x86_64; rv:137.0) Gecko\/20100101 Firefox\/137.0"}
[2025-04-22 07:13:20] [INFO] [68074190ddbff] [GET /api/test] [::1] [anonymous] PHP Backend Logger initialized {"logLevel":"INFO","logFile":"\/home\/antinomy\/projects\/SAAS\/AI-Tutor\/php-backend\/includes\/..\/..\/logs\/php-backend.log"}
[2025-04-22 07:13:20] [INFO] [68074190ddd2c] [GET /api/test] [::1] [anonymous] API Request received {"method":"GET","uri":"\/api\/test","ip":"::1","userAgent":"Bun\/1.2.10"}
[2025-04-22 07:13:20] [INFO] [68074190df061] [GET /api/health] [::1] [anonymous] PHP Backend Logger initialized {"logLevel":"INFO","logFile":"\/home\/antinomy\/projects\/SAAS\/AI-Tutor\/php-backend\/includes\/..\/..\/logs\/php-backend.log"}
[2025-04-22 07:13:20] [INFO] [68074190df100] [GET /api/health] [::1] [anonymous] API Request received {"method":"GET","uri":"\/api\/health","ip":"::1","userAgent":"Mozilla\/5.0 (X11; Linux x86_64; rv:137.0) Gecko\/20100101 Firefox\/137.0"}
[2025-04-22 07:13:20] [ERROR] [68074190df21c] [GET /api/health] [::1] [anonymous] Health check - Database connection error: PostgreSQL driver not available. Available drivers: mysql {"availableDrivers":["mysql"],"databaseUrl":"not set"}
[2025-04-22 07:13:20] [INFO] [68074190e0968] [GET /api/health] [::1] [anonymous] PHP Backend Logger initialized {"logLevel":"INFO","logFile":"\/home\/antinomy\/projects\/SAAS\/AI-Tutor\/php-backend\/includes\/..\/..\/logs\/php-backend.log"}
[2025-04-22 07:13:20] [INFO] [68074190e0a7e] [GET /api/health] [::1] [anonymous] API Request received {"method":"GET","uri":"\/api\/health","ip":"::1","userAgent":"curl\/8.13.0"}
[2025-04-22 07:13:20] [ERROR] [68074190e0c8d] [GET /api/health] [::1] [anonymous] Health check - Database connection error: PostgreSQL driver not available. Available drivers: mysql {"availableDrivers":["mysql"],"databaseUrl":"not set"}
[2025-04-22 07:13:20] [INFO] [68074190e2bbd] [GET /api/health?fallback=1] [::1] [anonymous] PHP Backend Logger initialized {"logLevel":"INFO","logFile":"\/home\/antinomy\/projects\/SAAS\/AI-Tutor\/php-backend\/includes\/..\/..\/logs\/php-backend.log"}
[2025-04-22 07:13:20] [INFO] [68074190e2c61] [GET /api/health?fallback=1] [::1] [anonymous] API Request received {"method":"GET","uri":"\/api\/health?fallback=1","ip":"::1","userAgent":"curl\/8.13.0"}
[2025-04-22 07:13:20] [ERROR] [68074190e2d7c] [GET /api/health?fallback=1] [::1] [anonymous] Health check - Database connection error: PostgreSQL driver not available. Available drivers: mysql {"availableDrivers":["mysql"],"databaseUrl":"not set"}
[2025-04-22 07:13:20] [INFO] [68074190e4fdc] [GET /favicon.ico] [::1] [anonymous] PHP Backend Logger initialized {"logLevel":"INFO","logFile":"\/home\/antinomy\/projects\/SAAS\/AI-Tutor\/php-backend\/includes\/..\/..\/logs\/php-backend.log"}
[2025-04-22 07:13:20] [INFO] [68074190e5138] [GET /favicon.ico] [::1] [anonymous] API Request received {"method":"GET","uri":"\/favicon.ico","ip":"::1","userAgent":"Mozilla\/5.0 (X11; Linux x86_64; rv:137.0) Gecko\/20100101 Firefox\/137.0"}
[2025-04-22 07:13:20] [INFO] [68074190e5368] [GET /api/notes?lessonId=invalid-id&fallback=1] [::1] [anonymous] PHP Backend Logger initialized {"logLevel":"INFO","logFile":"\/home\/antinomy\/projects\/SAAS\/AI-Tutor\/php-backend\/includes\/..\/..\/logs\/php-backend.log"}
[2025-04-22 07:13:20] [INFO] [68074190e54a4] [GET /api/notes?lessonId=invalid-id&fallback=1] [::1] [anonymous] API Request received {"method":"GET","uri":"\/api\/notes?lessonId=invalid-id&fallback=1","ip":"::1","userAgent":"curl\/8.13.0"}
[2025-04-22 07:13:20] [ERROR] [68074190e569f] [GET /api/notes?lessonId=invalid-id&fallback=1] [::1] [anonymous] Error response: Lesson not found {"statusCode":404,"details":"No lesson found with ID: invalid-id","errorCode":"RESOURCE_NOT_FOUND","method":"GET","uri":"\/api\/notes?lessonId=invalid-id&fallback=1"}
[2025-04-22 07:13:20] [INFO] [68074190e56d6] [GET /api/notes?lessonId=invalid-id&fallback=1] [::1] [anonymous] API Response sent {"statusCode":404,"response":{"status":"error","code":404,"message":"Lesson not found","details":"No lesson found with ID: invalid-id","errorCode":"RESOURCE_NOT_FOUND"}}
[2025-04-22 07:13:20] [INFO] [68074190e76e5] [GET /api/notes?fallback=1] [::1] [anonymous] PHP Backend Logger initialized {"logLevel":"INFO","logFile":"\/home\/antinomy\/projects\/SAAS\/AI-Tutor\/php-backend\/includes\/..\/..\/logs\/php-backend.log"}
[2025-04-22 07:13:20] [INFO] [68074190e77ac] [GET /api/notes?fallback=1] [::1] [anonymous] API Request received {"method":"GET","uri":"\/api\/notes?fallback=1","ip":"::1","userAgent":"curl\/8.13.0"}
[2025-04-22 07:13:20] [ERROR] [68074190e793a] [GET /api/notes?fallback=1] [::1] [anonymous] Error response: Lesson ID is required {"statusCode":400,"details":"The lessonId parameter is required for this endpoint","errorCode":"MISSING_PARAMETER","method":"GET","uri":"\/api\/notes?fallback=1"}
[2025-04-22 07:13:20] [INFO] [68074190e7952] [GET /api/notes?fallback=1] [::1] [anonymous] API Response sent {"statusCode":400,"response":{"status":"error","code":400,"message":"Lesson ID is required","details":"The lessonId parameter is required for this endpoint","errorCode":"MISSING_PARAMETER"}}
[2025-04-22 07:13:20] [INFO] [68074190f1409] [GET /api/notes?test=1] [::1] [anonymous] PHP Backend Logger initialized {"logLevel":"INFO","logFile":"\/home\/antinomy\/projects\/SAAS\/AI-Tutor\/php-backend\/includes\/..\/..\/logs\/php-backend.log"}
[2025-04-22 07:13:20] [INFO] [68074190f1500] [GET /api/notes?test=1] [::1] [anonymous] API Request received {"method":"GET","uri":"\/api\/notes?test=1","ip":"::1","userAgent":"curl\/8.13.0"}
[2025-04-22 07:13:20] [INFO] [68074190f3356] [GET /api/bookmarks?test=1] [::1] [anonymous] PHP Backend Logger initialized {"logLevel":"INFO","logFile":"\/home\/antinomy\/projects\/SAAS\/AI-Tutor\/php-backend\/includes\/..\/..\/logs\/php-backend.log"}
[2025-04-22 07:13:20] [INFO] [68074190f3451] [GET /api/bookmarks?test=1] [::1] [anonymous] API Request received {"method":"GET","uri":"\/api\/bookmarks?test=1","ip":"::1","userAgent":"curl\/8.13.0"}
[2025-04-22 07:13:21] [INFO] [6807419100e93] [GET /api/user-progress?test=1] [::1] [anonymous] PHP Backend Logger initialized {"logLevel":"INFO","logFile":"\/home\/antinomy\/projects\/SAAS\/AI-Tutor\/php-backend\/includes\/..\/..\/logs\/php-backend.log"}
[2025-04-22 07:13:21] [INFO] [6807419100f33] [GET /api/user-progress?test=1] [::1] [anonymous] API Request received {"method":"GET","uri":"\/api\/user-progress?test=1","ip":"::1","userAgent":"curl\/8.13.0"}
[2025-04-22 07:13:21] [INFO] [6807419102bf1] [GET /api/knowledge-test?test=1] [::1] [anonymous] PHP Backend Logger initialized {"logLevel":"INFO","logFile":"\/home\/antinomy\/projects\/SAAS\/AI-Tutor\/php-backend\/includes\/..\/..\/logs\/php-backend.log"}
[2025-04-22 07:13:21] [INFO] [6807419102ce6] [GET /api/knowledge-test?test=1] [::1] [anonymous] API Request received {"method":"GET","uri":"\/api\/knowledge-test?test=1","ip":"::1","userAgent":"curl\/8.13.0"}
[2025-04-22 07:13:21] [INFO] [68074191048f5] [GET /api/notes?lessonId=lesson-1&fallback=1] [::1] [anonymous] PHP Backend Logger initialized {"logLevel":"INFO","logFile":"\/home\/antinomy\/projects\/SAAS\/AI-Tutor\/php-backend\/includes\/..\/..\/logs\/php-backend.log"}
[2025-04-22 07:13:21] [INFO] [6807419104997] [GET /api/notes?lessonId=lesson-1&fallback=1] [::1] [anonymous] API Request received {"method":"GET","uri":"\/api\/notes?lessonId=lesson-1&fallback=1","ip":"::1","userAgent":"curl\/8.13.0"}
[2025-04-22 07:13:21] [INFO] [6807419104aca] [GET /api/notes?lessonId=lesson-1&fallback=1] [::1] [anonymous] API Response sent {"statusCode":200}
[2025-04-22 07:13:21] [INFO] [68074191065cc] [GET /api/bookmarks?lessonId=lesson-1&fallback=1] [::1] [anonymous] PHP Backend Logger initialized {"logLevel":"INFO","logFile":"\/home\/antinomy\/projects\/SAAS\/AI-Tutor\/php-backend\/includes\/..\/..\/logs\/php-backend.log"}
[2025-04-22 07:13:21] [INFO] [68074191066dc] [GET /api/bookmarks?lessonId=lesson-1&fallback=1] [::1] [anonymous] API Request received {"method":"GET","uri":"\/api\/bookmarks?lessonId=lesson-1&fallback=1","ip":"::1","userAgent":"curl\/8.13.0"}
[2025-04-22 07:13:21] [INFO] [68074191068bd] [GET /api/bookmarks?lessonId=lesson-1&fallback=1] [::1] [anonymous] API Response sent {"statusCode":200}
[2025-04-22 07:13:21] [INFO] [6807419169242] [GET /api/health] [::1] [anonymous] PHP Backend Logger initialized {"logLevel":"INFO","logFile":"\/home\/antinomy\/projects\/SAAS\/AI-Tutor\/php-backend\/includes\/..\/..\/logs\/php-backend.log"}
[2025-04-22 07:13:21] [INFO] [68074191692e3] [GET /api/health] [::1] [anonymous] API Request received {"method":"GET","uri":"\/api\/health","ip":"::1","userAgent":"Mozilla\/5.0 (X11; Linux x86_64; rv:137.0) Gecko\/20100101 Firefox\/137.0"}
[2025-04-22 07:13:21] [ERROR] [68074191693fd] [GET /api/health] [::1] [anonymous] Health check - Database connection error: PostgreSQL driver not available. Available drivers: mysql {"availableDrivers":["mysql"],"databaseUrl":"not set"}
[2025-04-22 07:13:21] [INFO] [680741916dd02] [GET /favicon.ico] [::1] [anonymous] PHP Backend Logger initialized {"logLevel":"INFO","logFile":"\/home\/antinomy\/projects\/SAAS\/AI-Tutor\/php-backend\/includes\/..\/..\/logs\/php-backend.log"}
[2025-04-22 07:13:21] [INFO] [680741916ddde] [GET /favicon.ico] [::1] [anonymous] API Request received {"method":"GET","uri":"\/favicon.ico","ip":"::1","userAgent":"Mozilla\/5.0 (X11; Linux x86_64; rv:137.0) Gecko\/20100101 Firefox\/137.0"}
[2025-04-22 07:21:15] [INFO] [6807436bb717a] [GET /api/test] [::1] [anonymous] PHP Backend Logger initialized {"logLevel":"INFO","logFile":"\/home\/antinomy\/projects\/SAAS\/AI-Tutor\/php-backend\/includes\/..\/..\/logs\/php-backend.log"}
[2025-04-22 07:21:15] [INFO] [6807436bb744e] [GET /api/test] [::1] [anonymous] API Request received {"method":"GET","uri":"\/api\/test","ip":"::1","userAgent":"Bun\/1.2.10"}
[2025-04-22 07:21:15] [INFO] [6807436bb9bfa] [GET /api/health] [::1] [anonymous] PHP Backend Logger initialized {"logLevel":"INFO","logFile":"\/home\/antinomy\/projects\/SAAS\/AI-Tutor\/php-backend\/includes\/..\/..\/logs\/php-backend.log"}
[2025-04-22 07:21:15] [INFO] [6807436bb9ca7] [GET /api/health] [::1] [anonymous] API Request received {"method":"GET","uri":"\/api\/health","ip":"::1","userAgent":"curl\/8.13.0"}
[2025-04-22 07:21:15] [ERROR] [6807436bb9df6] [GET /api/health] [::1] [anonymous] Health check - Database connection error: PostgreSQL driver not available. Available drivers: mysql {"availableDrivers":["mysql"],"databaseUrl":"not set"}
[2025-04-22 07:21:15] [INFO] [6807436bbbe51] [GET /api/health?fallback=1] [::1] [anonymous] PHP Backend Logger initialized {"logLevel":"INFO","logFile":"\/home\/antinomy\/projects\/SAAS\/AI-Tutor\/php-backend\/includes\/..\/..\/logs\/php-backend.log"}
[2025-04-22 07:21:15] [INFO] [6807436bbbf50] [GET /api/health?fallback=1] [::1] [anonymous] API Request received {"method":"GET","uri":"\/api\/health?fallback=1","ip":"::1","userAgent":"curl\/8.13.0"}
[2025-04-22 07:21:15] [ERROR] [6807436bbc12f] [GET /api/health?fallback=1] [::1] [anonymous] Health check - Database connection error: PostgreSQL driver not available. Available drivers: mysql {"availableDrivers":["mysql"],"databaseUrl":"not set"}
[2025-04-22 07:21:15] [INFO] [6807436bbe053] [GET /api/notes?lessonId=invalid-id&fallback=1] [::1] [anonymous] PHP Backend Logger initialized {"logLevel":"INFO","logFile":"\/home\/antinomy\/projects\/SAAS\/AI-Tutor\/php-backend\/includes\/..\/..\/logs\/php-backend.log"}
[2025-04-22 07:21:15] [INFO] [6807436bbe0ff] [GET /api/notes?lessonId=invalid-id&fallback=1] [::1] [anonymous] API Request received {"method":"GET","uri":"\/api\/notes?lessonId=invalid-id&fallback=1","ip":"::1","userAgent":"curl\/8.13.0"}
[2025-04-22 07:21:15] [ERROR] [6807436bbe514] [GET /api/notes?lessonId=invalid-id&fallback=1] [::1] [anonymous] Error response: Lesson not found {"statusCode":404,"details":"No lesson found with ID: invalid-id","errorCode":"RESOURCE_NOT_FOUND","method":"GET","uri":"\/api\/notes?lessonId=invalid-id&fallback=1"}
[2025-04-22 07:21:15] [INFO] [6807436bbe556] [GET /api/notes?lessonId=invalid-id&fallback=1] [::1] [anonymous] API Response sent {"statusCode":404,"response":{"status":"error","code":404,"message":"Lesson not found","details":"No lesson found with ID: invalid-id","errorCode":"RESOURCE_NOT_FOUND"}}
[2025-04-22 07:21:15] [INFO] [6807436bc0547] [GET /api/notes?fallback=1] [::1] [anonymous] PHP Backend Logger initialized {"logLevel":"INFO","logFile":"\/home\/antinomy\/projects\/SAAS\/AI-Tutor\/php-backend\/includes\/..\/..\/logs\/php-backend.log"}
[2025-04-22 07:21:15] [INFO] [6807436bc063d] [GET /api/notes?fallback=1] [::1] [anonymous] API Request received {"method":"GET","uri":"\/api\/notes?fallback=1","ip":"::1","userAgent":"curl\/8.13.0"}
[2025-04-22 07:21:15] [ERROR] [6807436bc0843] [GET /api/notes?fallback=1] [::1] [anonymous] Error response: Lesson ID is required {"statusCode":400,"details":"The lessonId parameter is required for this endpoint","errorCode":"MISSING_PARAMETER","method":"GET","uri":"\/api\/notes?fallback=1"}
[2025-04-22 07:21:15] [INFO] [6807436bc0860] [GET /api/notes?fallback=1] [::1] [anonymous] API Response sent {"statusCode":400,"response":{"status":"error","code":400,"message":"Lesson ID is required","details":"The lessonId parameter is required for this endpoint","errorCode":"MISSING_PARAMETER"}}
[2025-04-22 07:21:15] [INFO] [6807436bc96a5] [GET /api/notes?test=1] [::1] [anonymous] PHP Backend Logger initialized {"logLevel":"INFO","logFile":"\/home\/antinomy\/projects\/SAAS\/AI-Tutor\/php-backend\/includes\/..\/..\/logs\/php-backend.log"}
[2025-04-22 07:21:15] [INFO] [6807436bc9791] [GET /api/notes?test=1] [::1] [anonymous] API Request received {"method":"GET","uri":"\/api\/notes?test=1","ip":"::1","userAgent":"curl\/8.13.0"}
[2025-04-22 07:21:15] [INFO] [6807436bcb693] [GET /api/bookmarks?test=1] [::1] [anonymous] PHP Backend Logger initialized {"logLevel":"INFO","logFile":"\/home\/antinomy\/projects\/SAAS\/AI-Tutor\/php-backend\/includes\/..\/..\/logs\/php-backend.log"}
[2025-04-22 07:21:15] [INFO] [6807436bcb738] [GET /api/bookmarks?test=1] [::1] [anonymous] API Request received {"method":"GET","uri":"\/api\/bookmarks?test=1","ip":"::1","userAgent":"curl\/8.13.0"}
[2025-04-22 07:21:15] [INFO] [6807436bcd918] [GET /api/user-progress?test=1] [::1] [anonymous] PHP Backend Logger initialized {"logLevel":"INFO","logFile":"\/home\/antinomy\/projects\/SAAS\/AI-Tutor\/php-backend\/includes\/..\/..\/logs\/php-backend.log"}
[2025-04-22 07:21:15] [INFO] [6807436bcda39] [GET /api/user-progress?test=1] [::1] [anonymous] API Request received {"method":"GET","uri":"\/api\/user-progress?test=1","ip":"::1","userAgent":"curl\/8.13.0"}
[2025-04-22 07:21:15] [INFO] [6807436bd0c19] [GET /api/knowledge-test?test=1] [::1] [anonymous] PHP Backend Logger initialized {"logLevel":"INFO","logFile":"\/home\/antinomy\/projects\/SAAS\/AI-Tutor\/php-backend\/includes\/..\/..\/logs\/php-backend.log"}
[2025-04-22 07:21:15] [INFO] [6807436bd0d32] [GET /api/knowledge-test?test=1] [::1] [anonymous] API Request received {"method":"GET","uri":"\/api\/knowledge-test?test=1","ip":"::1","userAgent":"curl\/8.13.0"}
[2025-04-22 07:21:15] [INFO] [6807436bd2f66] [GET /api/notes?lessonId=lesson-1&fallback=1] [::1] [anonymous] PHP Backend Logger initialized {"logLevel":"INFO","logFile":"\/home\/antinomy\/projects\/SAAS\/AI-Tutor\/php-backend\/includes\/..\/..\/logs\/php-backend.log"}
[2025-04-22 07:21:15] [INFO] [6807436bd309a] [GET /api/notes?lessonId=lesson-1&fallback=1] [::1] [anonymous] API Request received {"method":"GET","uri":"\/api\/notes?lessonId=lesson-1&fallback=1","ip":"::1","userAgent":"curl\/8.13.0"}
[2025-04-22 07:21:15] [INFO] [6807436bd32a3] [GET /api/notes?lessonId=lesson-1&fallback=1] [::1] [anonymous] API Response sent {"statusCode":200}
[2025-04-22 07:21:15] [INFO] [6807436bd53bd] [GET /api/bookmarks?lessonId=lesson-1&fallback=1] [::1] [anonymous] PHP Backend Logger initialized {"logLevel":"INFO","logFile":"\/home\/antinomy\/projects\/SAAS\/AI-Tutor\/php-backend\/includes\/..\/..\/logs\/php-backend.log"}
[2025-04-22 07:21:15] [INFO] [6807436bd54df] [GET /api/bookmarks?lessonId=lesson-1&fallback=1] [::1] [anonymous] API Request received {"method":"GET","uri":"\/api\/bookmarks?lessonId=lesson-1&fallback=1","ip":"::1","userAgent":"curl\/8.13.0"}
[2025-04-22 07:21:15] [INFO] [6807436bd57f3] [GET /api/bookmarks?lessonId=lesson-1&fallback=1] [::1] [anonymous] API Response sent {"statusCode":200}
[2025-04-22 07:21:54] [INFO] [680743922d574] [GET /test.html] [::1] [anonymous] PHP Backend Logger initialized {"logLevel":"INFO","logFile":"\/home\/antinomy\/projects\/SAAS\/AI-Tutor\/php-backend\/includes\/..\/..\/logs\/php-backend.log"}
[2025-04-22 07:21:54] [INFO] [680743922d841] [GET /test.html] [::1] [anonymous] API Request received {"method":"GET","uri":"\/test.html","ip":"::1","userAgent":"curl\/8.13.0"}
[2025-04-22 07:22:11] [INFO] [680743a382b9a] [GET /test.html] [::1] [anonymous] PHP Backend Logger initialized {"logLevel":"INFO","logFile":"\/home\/antinomy\/projects\/SAAS\/AI-Tutor\/php-backend\/includes\/..\/..\/logs\/php-backend.log"}
[2025-04-22 07:22:11] [INFO] [680743a382c47] [GET /test.html] [::1] [anonymous] API Request received {"method":"GET","uri":"\/test.html","ip":"::1","userAgent":"Mozilla\/5.0 (X11; Linux x86_64; rv:137.0) Gecko\/20100101 Firefox\/137.0"}
[2025-04-22 07:22:11] [INFO] [680743a38f8ed] [GET /favicon.ico] [::1] [anonymous] PHP Backend Logger initialized {"logLevel":"INFO","logFile":"\/home\/antinomy\/projects\/SAAS\/AI-Tutor\/php-backend\/includes\/..\/..\/logs\/php-backend.log"}
[2025-04-22 07:22:11] [INFO] [680743a38fa1a] [GET /favicon.ico] [::1] [anonymous] API Request received {"method":"GET","uri":"\/favicon.ico","ip":"::1","userAgent":"Mozilla\/5.0 (X11; Linux x86_64; rv:137.0) Gecko\/20100101 Firefox\/137.0"}
[2025-04-22 07:22:58] [INFO] [680743d2bf6bf] [GET /test.html] [::1] [anonymous] PHP Backend Logger initialized {"logLevel":"INFO","logFile":"\/home\/antinomy\/projects\/SAAS\/AI-Tutor\/php-backend\/includes\/..\/..\/logs\/php-backend.log"}
[2025-04-22 07:22:58] [INFO] [680743d2bf917] [GET /test.html] [::1] [anonymous] API Request received {"method":"GET","uri":"\/test.html","ip":"::1","userAgent":"curl\/8.13.0"}
[2025-04-22 07:23:14] [INFO] [680743e26e793] [GET /test.html] [::1] [anonymous] PHP Backend Logger initialized {"logLevel":"INFO","logFile":"\/home\/antinomy\/projects\/SAAS\/AI-Tutor\/php-backend\/includes\/..\/..\/logs\/php-backend.log"}
[2025-04-22 07:23:14] [INFO] [680743e26e8de] [GET /test.html] [::1] [anonymous] API Request received {"method":"GET","uri":"\/test.html","ip":"::1","userAgent":"Mozilla\/5.0 (X11; Linux x86_64; rv:137.0) Gecko\/20100101 Firefox\/137.0"}
[2025-04-22 07:23:14] [INFO] [680743e289e98] [GET /favicon.ico] [::1] [anonymous] PHP Backend Logger initialized {"logLevel":"INFO","logFile":"\/home\/antinomy\/projects\/SAAS\/AI-Tutor\/php-backend\/includes\/..\/..\/logs\/php-backend.log"}
[2025-04-22 07:23:14] [INFO] [680743e289f89] [GET /favicon.ico] [::1] [anonymous] API Request received {"method":"GET","uri":"\/favicon.ico","ip":"::1","userAgent":"Mozilla\/5.0 (X11; Linux x86_64; rv:137.0) Gecko\/20100101 Firefox\/137.0"}
[2025-04-22 07:23:21] [INFO] [680743e9b72ab] [GET /api/health] [::1] [anonymous] PHP Backend Logger initialized {"logLevel":"INFO","logFile":"\/home\/antinomy\/projects\/SAAS\/AI-Tutor\/php-backend\/includes\/..\/..\/logs\/php-backend.log"}
[2025-04-22 07:23:21] [INFO] [680743e9b74b0] [GET /api/health] [::1] [anonymous] API Request received {"method":"GET","uri":"\/api\/health","ip":"::1","userAgent":"Mozilla\/5.0 (X11; Linux x86_64; rv:137.0) Gecko\/20100101 Firefox\/137.0"}
[2025-04-22 07:23:21] [ERROR] [680743e9b78bf] [GET /api/health] [::1] [anonymous] Health check - Database connection error: PostgreSQL driver not available. Available drivers: mysql {"availableDrivers":["mysql"],"databaseUrl":"not set"}
[2025-04-22 07:23:23] [INFO] [680743eb45366] [GET /api/health?fallback=1] [::1] [anonymous] PHP Backend Logger initialized {"logLevel":"INFO","logFile":"\/home\/antinomy\/projects\/SAAS\/AI-Tutor\/php-backend\/includes\/..\/..\/logs\/php-backend.log"}
[2025-04-22 07:23:23] [INFO] [680743eb455a0] [GET /api/health?fallback=1] [::1] [anonymous] API Request received {"method":"GET","uri":"\/api\/health?fallback=1","ip":"::1","userAgent":"Mozilla\/5.0 (X11; Linux x86_64; rv:137.0) Gecko\/20100101 Firefox\/137.0"}
[2025-04-22 07:23:23] [ERROR] [680743eb45976] [GET /api/health?fallback=1] [::1] [anonymous] Health check - Database connection error: PostgreSQL driver not available. Available drivers: mysql {"availableDrivers":["mysql"],"databaseUrl":"not set"}
[2025-04-22 07:23:24] [INFO] [680743ec80ff1] [GET /api/test] [::1] [anonymous] PHP Backend Logger initialized {"logLevel":"INFO","logFile":"\/home\/antinomy\/projects\/SAAS\/AI-Tutor\/php-backend\/includes\/..\/..\/logs\/php-backend.log"}
[2025-04-22 07:23:24] [INFO] [680743ec81289] [GET /api/test] [::1] [anonymous] API Request received {"method":"GET","uri":"\/api\/test","ip":"::1","userAgent":"Bun\/1.2.10"}
[2025-04-22 07:23:28] [INFO] [680743f0b0fe9] [GET /api/health?fallback=1] [::1] [anonymous] PHP Backend Logger initialized {"logLevel":"INFO","logFile":"\/home\/antinomy\/projects\/SAAS\/AI-Tutor\/php-backend\/includes\/..\/..\/logs\/php-backend.log"}
[2025-04-22 07:23:28] [INFO] [680743f0b1225] [GET /api/health?fallback=1] [::1] [anonymous] API Request received {"method":"GET","uri":"\/api\/health?fallback=1","ip":"::1","userAgent":"Mozilla\/5.0 (X11; Linux x86_64; rv:137.0) Gecko\/20100101 Firefox\/137.0"}
[2025-04-22 07:23:28] [ERROR] [680743f0b152a] [GET /api/health?fallback=1] [::1] [anonymous] Health check - Database connection error: PostgreSQL driver not available. Available drivers: mysql {"availableDrivers":["mysql"],"databaseUrl":"not set"}
[2025-04-22 07:23:31] [INFO] [680743f3699ed] [GET /api/notes?test=1] [::1] [anonymous] PHP Backend Logger initialized {"logLevel":"INFO","logFile":"\/home\/antinomy\/projects\/SAAS\/AI-Tutor\/php-backend\/includes\/..\/..\/logs\/php-backend.log"}
[2025-04-22 07:23:31] [INFO] [680743f369c66] [GET /api/notes?test=1] [::1] [anonymous] API Request received {"method":"GET","uri":"\/api\/notes?test=1","ip":"::1","userAgent":"Mozilla\/5.0 (X11; Linux x86_64; rv:137.0) Gecko\/20100101 Firefox\/137.0"}
[2025-04-22 07:23:32] [INFO] [680743f4c3e8f] [GET /api/notes?lessonId=lesson-1&fallback=1] [::1] [anonymous] PHP Backend Logger initialized {"logLevel":"INFO","logFile":"\/home\/antinomy\/projects\/SAAS\/AI-Tutor\/php-backend\/includes\/..\/..\/logs\/php-backend.log"}
[2025-04-22 07:23:32] [INFO] [680743f4c3f88] [GET /api/notes?lessonId=lesson-1&fallback=1] [::1] [anonymous] API Request received {"method":"GET","uri":"\/api\/notes?lessonId=lesson-1&fallback=1","ip":"::1","userAgent":"Mozilla\/5.0 (X11; Linux x86_64; rv:137.0) Gecko\/20100101 Firefox\/137.0"}
[2025-04-22 07:23:32] [INFO] [680743f4c4aa9] [GET /api/notes?lessonId=lesson-1&fallback=1] [::1] [anonymous] API Response sent {"statusCode":200}
[2025-04-22 07:23:33] [INFO] [680743f5c3aab] [GET /api/bookmarks?test=1] [::1] [anonymous] PHP Backend Logger initialized {"logLevel":"INFO","logFile":"\/home\/antinomy\/projects\/SAAS\/AI-Tutor\/php-backend\/includes\/..\/..\/logs\/php-backend.log"}
[2025-04-22 07:23:33] [INFO] [680743f5c3d00] [GET /api/bookmarks?test=1] [::1] [anonymous] API Request received {"method":"GET","uri":"\/api\/bookmarks?test=1","ip":"::1","userAgent":"Mozilla\/5.0 (X11; Linux x86_64; rv:137.0) Gecko\/20100101 Firefox\/137.0"}
[2025-04-22 07:23:35] [INFO] [680743f7bcb33] [GET /api/user-progress?test=1] [::1] [anonymous] PHP Backend Logger initialized {"logLevel":"INFO","logFile":"\/home\/antinomy\/projects\/SAAS\/AI-Tutor\/php-backend\/includes\/..\/..\/logs\/php-backend.log"}
[2025-04-22 07:23:35] [INFO] [680743f7bcdc4] [GET /api/user-progress?test=1] [::1] [anonymous] API Request received {"method":"GET","uri":"\/api\/user-progress?test=1","ip":"::1","userAgent":"Mozilla\/5.0 (X11; Linux x86_64; rv:137.0) Gecko\/20100101 Firefox\/137.0"}
[2025-04-22 07:23:36] [INFO] [680743f8cdc76] [GET /api/user-progress?courseId=course-1&fallback=1] [::1] [anonymous] PHP Backend Logger initialized {"logLevel":"INFO","logFile":"\/home\/antinomy\/projects\/SAAS\/AI-Tutor\/php-backend\/includes\/..\/..\/logs\/php-backend.log"}
[2025-04-22 07:23:36] [INFO] [680743f8cdfc3] [GET /api/user-progress?courseId=course-1&fallback=1] [::1] [anonymous] API Request received {"method":"GET","uri":"\/api\/user-progress?courseId=course-1&fallback=1","ip":"::1","userAgent":"Mozilla\/5.0 (X11; Linux x86_64; rv:137.0) Gecko\/20100101 Firefox\/137.0"}
[2025-04-22 07:23:36] [INFO] [680743f8ce577] [GET /api/user-progress?courseId=course-1&fallback=1] [::1] [anonymous] API Response sent {"statusCode":200}
[2025-04-22 07:23:38] [INFO] [680743fa9c394] [GET /api/knowledge-test?test=1] [::1] [anonymous] PHP Backend Logger initialized {"logLevel":"INFO","logFile":"\/home\/antinomy\/projects\/SAAS\/AI-Tutor\/php-backend\/includes\/..\/..\/logs\/php-backend.log"}
[2025-04-22 07:23:38] [INFO] [680743fa9c603] [GET /api/knowledge-test?test=1] [::1] [anonymous] API Request received {"method":"GET","uri":"\/api\/knowledge-test?test=1","ip":"::1","userAgent":"Mozilla\/5.0 (X11; Linux x86_64; rv:137.0) Gecko\/20100101 Firefox\/137.0"}
[2025-04-22 07:23:49] [INFO] [6807440594791] [GET /api/notes?lessonId=invalid-id] [::1] [anonymous] PHP Backend Logger initialized {"logLevel":"INFO","logFile":"\/home\/antinomy\/projects\/SAAS\/AI-Tutor\/php-backend\/includes\/..\/..\/logs\/php-backend.log"}
[2025-04-22 07:23:49] [INFO] [68074405949ee] [GET /api/notes?lessonId=invalid-id] [::1] [anonymous] API Request received {"method":"GET","uri":"\/api\/notes?lessonId=invalid-id","ip":"::1","userAgent":"Mozilla\/5.0 (X11; Linux x86_64; rv:137.0) Gecko\/20100101 Firefox\/137.0"}
[2025-04-22 07:23:49] [ERROR] [6807440594e55] [GET /api/notes?lessonId=invalid-id] [::1] [anonymous] Error response: Unauthorized {"statusCode":401,"details":"Authentication required","errorCode":"UNAUTHORIZED","method":"GET","uri":"\/api\/notes?lessonId=invalid-id"}
[2025-04-22 07:23:49] [INFO] [6807440594e9b] [GET /api/notes?lessonId=invalid-id] [::1] [anonymous] API Response sent {"statusCode":401,"response":{"status":"error","code":401,"message":"Unauthorized","details":"Authentication required","errorCode":"UNAUTHORIZED"}}
[2025-04-22 07:23:50] [INFO] [68074406aa20a] [GET /api/notes] [::1] [anonymous] PHP Backend Logger initialized {"logLevel":"INFO","logFile":"\/home\/antinomy\/projects\/SAAS\/AI-Tutor\/php-backend\/includes\/..\/..\/logs\/php-backend.log"}
[2025-04-22 07:23:50] [INFO] [68074406aa375] [GET /api/notes] [::1] [anonymous] API Request received {"method":"GET","uri":"\/api\/notes","ip":"::1","userAgent":"Mozilla\/5.0 (X11; Linux x86_64; rv:137.0) Gecko\/20100101 Firefox\/137.0"}
[2025-04-22 07:23:50] [ERROR] [68074406aa69a] [GET /api/notes] [::1] [anonymous] Error response: Unauthorized {"statusCode":401,"details":"Authentication required","errorCode":"UNAUTHORIZED","method":"GET","uri":"\/api\/notes"}
[2025-04-22 07:23:50] [INFO] [68074406aa6d1] [GET /api/notes] [::1] [anonymous] API Response sent {"statusCode":401,"response":{"status":"error","code":401,"message":"Unauthorized","details":"Authentication required","errorCode":"UNAUTHORIZED"}}
[2025-04-22 07:40:35] [INFO] [680747f3384ca] [GET /api/health] [::1] [anonymous] PHP Backend Logger initialized {"logLevel":"INFO","logFile":"\/home\/antinomy\/projects\/SAAS\/AI-Tutor\/php-backend\/includes\/..\/..\/logs\/php-backend.log"}
[2025-04-22 07:40:35] [INFO] [680747f338cac] [GET /api/health] [::1] [anonymous] API Request received {"method":"GET","uri":"\/api\/health","ip":"::1","userAgent":"Mozilla\/5.0 (X11; Linux x86_64; rv:137.0) Gecko\/20100101 Firefox\/137.0"}
[2025-04-22 07:40:35] [ERROR] [680747f339459] [GET /api/health] [::1] [anonymous] Health check - Database connection error: PostgreSQL driver not available. Available drivers: mysql {"availableDrivers":["mysql"],"databaseUrl":"not set"}
[2025-04-22 07:40:35] [INFO] [680747f345f72] [GET /favicon.ico] [::1] [anonymous] PHP Backend Logger initialized {"logLevel":"INFO","logFile":"\/home\/antinomy\/projects\/SAAS\/AI-Tutor\/php-backend\/includes\/..\/..\/logs\/php-backend.log"}
[2025-04-22 07:40:35] [INFO] [680747f346036] [GET /favicon.ico] [::1] [anonymous] API Request received {"method":"GET","uri":"\/favicon.ico","ip":"::1","userAgent":"Mozilla\/5.0 (X11; Linux x86_64; rv:137.0) Gecko\/20100101 Firefox\/137.0"}
[2025-04-22 07:40:35] [INFO] [680747f3af543] [GET /api/health] [::1] [anonymous] PHP Backend Logger initialized {"logLevel":"INFO","logFile":"\/home\/antinomy\/projects\/SAAS\/AI-Tutor\/php-backend\/includes\/..\/..\/logs\/php-backend.log"}
[2025-04-22 07:40:35] [INFO] [680747f3af641] [GET /api/health] [::1] [anonymous] API Request received {"method":"GET","uri":"\/api\/health","ip":"::1","userAgent":"Mozilla\/5.0 (X11; Linux x86_64; rv:137.0) Gecko\/20100101 Firefox\/137.0"}
[2025-04-22 07:40:35] [ERROR] [680747f3af7f6] [GET /api/health] [::1] [anonymous] Health check - Database connection error: PostgreSQL driver not available. Available drivers: mysql {"availableDrivers":["mysql"],"databaseUrl":"not set"}
[2025-04-22 07:40:35] [INFO] [680747f3b3c01] [GET /favicon.ico] [::1] [anonymous] PHP Backend Logger initialized {"logLevel":"INFO","logFile":"\/home\/antinomy\/projects\/SAAS\/AI-Tutor\/php-backend\/includes\/..\/..\/logs\/php-backend.log"}
[2025-04-22 07:40:35] [INFO] [680747f3b3cc4] [GET /favicon.ico] [::1] [anonymous] API Request received {"method":"GET","uri":"\/favicon.ico","ip":"::1","userAgent":"Mozilla\/5.0 (X11; Linux x86_64; rv:137.0) Gecko\/20100101 Firefox\/137.0"}
[2025-04-22 07:40:36] [INFO] [680747f4064fe] [GET /api/health] [::1] [anonymous] PHP Backend Logger initialized {"logLevel":"INFO","logFile":"\/home\/antinomy\/projects\/SAAS\/AI-Tutor\/php-backend\/includes\/..\/..\/logs\/php-backend.log"}
[2025-04-22 07:40:36] [INFO] [680747f4065a2] [GET /api/health] [::1] [anonymous] API Request received {"method":"GET","uri":"\/api\/health","ip":"::1","userAgent":"Mozilla\/5.0 (X11; Linux x86_64; rv:137.0) Gecko\/20100101 Firefox\/137.0"}
[2025-04-22 07:40:36] [ERROR] [680747f4066d0] [GET /api/health] [::1] [anonymous] Health check - Database connection error: PostgreSQL driver not available. Available drivers: mysql {"availableDrivers":["mysql"],"databaseUrl":"not set"}
[2025-04-22 07:40:36] [INFO] [680747f40aef0] [GET /favicon.ico] [::1] [anonymous] PHP Backend Logger initialized {"logLevel":"INFO","logFile":"\/home\/antinomy\/projects\/SAAS\/AI-Tutor\/php-backend\/includes\/..\/..\/logs\/php-backend.log"}
[2025-04-22 07:40:36] [INFO] [680747f40b037] [GET /favicon.ico] [::1] [anonymous] API Request received {"method":"GET","uri":"\/favicon.ico","ip":"::1","userAgent":"Mozilla\/5.0 (X11; Linux x86_64; rv:137.0) Gecko\/20100101 Firefox\/137.0"}
[2025-04-22 07:40:36] [INFO] [680747f44e464] [GET /api/health] [::1] [anonymous] PHP Backend Logger initialized {"logLevel":"INFO","logFile":"\/home\/antinomy\/projects\/SAAS\/AI-Tutor\/php-backend\/includes\/..\/..\/logs\/php-backend.log"}
[2025-04-22 07:40:36] [INFO] [680747f44e557] [GET /api/health] [::1] [anonymous] API Request received {"method":"GET","uri":"\/api\/health","ip":"::1","userAgent":"Mozilla\/5.0 (X11; Linux x86_64; rv:137.0) Gecko\/20100101 Firefox\/137.0"}
[2025-04-22 07:40:36] [ERROR] [680747f44e6f8] [GET /api/health] [::1] [anonymous] Health check - Database connection error: PostgreSQL driver not available. Available drivers: mysql {"availableDrivers":["mysql"],"databaseUrl":"not set"}
[2025-04-22 07:40:36] [INFO] [680747f45656d] [GET /favicon.ico] [::1] [anonymous] PHP Backend Logger initialized {"logLevel":"INFO","logFile":"\/home\/antinomy\/projects\/SAAS\/AI-Tutor\/php-backend\/includes\/..\/..\/logs\/php-backend.log"}
[2025-04-22 07:40:36] [INFO] [680747f4566aa] [GET /favicon.ico] [::1] [anonymous] API Request received {"method":"GET","uri":"\/favicon.ico","ip":"::1","userAgent":"Mozilla\/5.0 (X11; Linux x86_64; rv:137.0) Gecko\/20100101 Firefox\/137.0"}
[2025-04-22 07:40:36] [INFO] [680747f496afc] [GET /api/health] [::1] [anonymous] PHP Backend Logger initialized {"logLevel":"INFO","logFile":"\/home\/antinomy\/projects\/SAAS\/AI-Tutor\/php-backend\/includes\/..\/..\/logs\/php-backend.log"}
[2025-04-22 07:40:36] [INFO] [680747f496bb0] [GET /api/health] [::1] [anonymous] API Request received {"method":"GET","uri":"\/api\/health","ip":"::1","userAgent":"Mozilla\/5.0 (X11; Linux x86_64; rv:137.0) Gecko\/20100101 Firefox\/137.0"}
[2025-04-22 07:40:36] [ERROR] [680747f496ccf] [GET /api/health] [::1] [anonymous] Health check - Database connection error: PostgreSQL driver not available. Available drivers: mysql {"availableDrivers":["mysql"],"databaseUrl":"not set"}
[2025-04-22 07:40:36] [INFO] [680747f49d63d] [GET /favicon.ico] [::1] [anonymous] PHP Backend Logger initialized {"logLevel":"INFO","logFile":"\/home\/antinomy\/projects\/SAAS\/AI-Tutor\/php-backend\/includes\/..\/..\/logs\/php-backend.log"}
[2025-04-22 07:40:36] [INFO] [680747f49d780] [GET /favicon.ico] [::1] [anonymous] API Request received {"method":"GET","uri":"\/favicon.ico","ip":"::1","userAgent":"Mozilla\/5.0 (X11; Linux x86_64; rv:137.0) Gecko\/20100101 Firefox\/137.0"}
